[0.519s] Invoking command in '/home/local-planner/ros2_ws/src/py_pubsub': PYTHONPATH=/home/local-planner/ros2_ws/src/build/py_pubsub/prefix_override:/usr/lib/python3/dist-packages/colcon_core/task/python/colcon_distutils_commands:/home/local-planner/ros2_ws/src/install/py_pubsub/lib/python3.10/site-packages:${PYTHONPATH} /usr/bin/python3 -W ignore:setup.py install is deprecated setup.py egg_info --egg-base ../build/py_pubsub build --build-base /home/local-planner/ros2_ws/src/build/py_pubsub/build install --record /home/local-planner/ros2_ws/src/build/py_pubsub/install.log --single-version-externally-managed install_data
[0.714s] running egg_info
[0.715s] creating ../build/py_pubsub/py_pubsub.egg-info
[0.715s] writing ../build/py_pubsub/py_pubsub.egg-info/PKG-INFO
[0.715s] writing dependency_links to ../build/py_pubsub/py_pubsub.egg-info/dependency_links.txt
[0.715s] writing entry points to ../build/py_pubsub/py_pubsub.egg-info/entry_points.txt
[0.715s] writing requirements to ../build/py_pubsub/py_pubsub.egg-info/requires.txt
[0.716s] writing top-level names to ../build/py_pubsub/py_pubsub.egg-info/top_level.txt
[0.716s] writing manifest file '../build/py_pubsub/py_pubsub.egg-info/SOURCES.txt'
[0.717s] reading manifest file '../build/py_pubsub/py_pubsub.egg-info/SOURCES.txt'
[0.717s] adding license file 'LICENSE'
[0.718s] writing manifest file '../build/py_pubsub/py_pubsub.egg-info/SOURCES.txt'
[0.718s] running build
[0.718s] running build_py
[0.718s] creating /home/local-planner/ros2_ws/src/build/py_pubsub/build
[0.719s] creating /home/local-planner/ros2_ws/src/build/py_pubsub/build/lib
[0.719s] creating /home/local-planner/ros2_ws/src/build/py_pubsub/build/lib/py_pubsub
[0.719s] copying py_pubsub/subscriber_member_function.py -> /home/local-planner/ros2_ws/src/build/py_pubsub/build/lib/py_pubsub
[0.719s] copying py_pubsub/__init__.py -> /home/local-planner/ros2_ws/src/build/py_pubsub/build/lib/py_pubsub
[0.719s] copying py_pubsub/publisher_member_function.py -> /home/local-planner/ros2_ws/src/build/py_pubsub/build/lib/py_pubsub
[0.719s] running install
[0.720s] running install_lib
[0.720s] creating /home/local-planner/ros2_ws/src/install/py_pubsub/lib/python3.10/site-packages/py_pubsub
[0.720s] copying /home/local-planner/ros2_ws/src/build/py_pubsub/build/lib/py_pubsub/subscriber_member_function.py -> /home/local-planner/ros2_ws/src/install/py_pubsub/lib/python3.10/site-packages/py_pubsub
[0.720s] copying /home/local-planner/ros2_ws/src/build/py_pubsub/build/lib/py_pubsub/__init__.py -> /home/local-planner/ros2_ws/src/install/py_pubsub/lib/python3.10/site-packages/py_pubsub
[0.720s] copying /home/local-planner/ros2_ws/src/build/py_pubsub/build/lib/py_pubsub/publisher_member_function.py -> /home/local-planner/ros2_ws/src/install/py_pubsub/lib/python3.10/site-packages/py_pubsub
[0.721s] byte-compiling /home/local-planner/ros2_ws/src/install/py_pubsub/lib/python3.10/site-packages/py_pubsub/subscriber_member_function.py to subscriber_member_function.cpython-310.pyc
[0.721s] byte-compiling /home/local-planner/ros2_ws/src/install/py_pubsub/lib/python3.10/site-packages/py_pubsub/__init__.py to __init__.cpython-310.pyc
[0.721s] byte-compiling /home/local-planner/ros2_ws/src/install/py_pubsub/lib/python3.10/site-packages/py_pubsub/publisher_member_function.py to publisher_member_function.cpython-310.pyc
[0.722s] running install_data
[0.722s] creating /home/local-planner/ros2_ws/src/install/py_pubsub/share/ament_index
[0.722s] creating /home/local-planner/ros2_ws/src/install/py_pubsub/share/ament_index/resource_index
[0.722s] creating /home/local-planner/ros2_ws/src/install/py_pubsub/share/ament_index/resource_index/packages
[0.722s] copying resource/py_pubsub -> /home/local-planner/ros2_ws/src/install/py_pubsub/share/ament_index/resource_index/packages
[0.722s] copying package.xml -> /home/local-planner/ros2_ws/src/install/py_pubsub/share/py_pubsub
[0.722s] running install_egg_info
[0.724s] Copying ../build/py_pubsub/py_pubsub.egg-info to /home/local-planner/ros2_ws/src/install/py_pubsub/lib/python3.10/site-packages/py_pubsub-0.0.0-py3.10.egg-info
[0.725s] running install_scripts
[0.749s] Installing listener script to /home/local-planner/ros2_ws/src/install/py_pubsub/lib/py_pubsub
[0.749s] Installing talker script to /home/local-planner/ros2_ws/src/install/py_pubsub/lib/py_pubsub
[0.750s] writing list of installed files to '/home/local-planner/ros2_ws/src/build/py_pubsub/install.log'
[0.773s] Invoked command in '/home/local-planner/ros2_ws/src/py_pubsub' returned '0': PYTHONPATH=/home/local-planner/ros2_ws/src/build/py_pubsub/prefix_override:/usr/lib/python3/dist-packages/colcon_core/task/python/colcon_distutils_commands:/home/local-planner/ros2_ws/src/install/py_pubsub/lib/python3.10/site-packages:${PYTHONPATH} /usr/bin/python3 -W ignore:setup.py install is deprecated setup.py egg_info --egg-base ../build/py_pubsub build --build-base /home/local-planner/ros2_ws/src/build/py_pubsub/build install --record /home/local-planner/ros2_ws/src/build/py_pubsub/install.log --single-version-externally-managed install_data
