[0.180s] DEBUG:colcon:Command line arguments: ['/usr/bin/colcon', 'build']
[0.180s] DEBUG:colcon:Parsed command line arguments: Namespace(log_base=None, log_level=None, verb_name='build', build_base='build', install_base='install', merge_install=False, symlink_install=False, test_result_base=None, continue_on_error=False, executor='parallel', parallel_workers=32, event_handlers=None, ignore_user_meta=False, metas=['./colcon.meta'], base_paths=['.'], packages_ignore=None, packages_ignore_regex=None, paths=None, packages_up_to=None, packages_up_to_regex=None, packages_above=None, packages_above_and_dependencies=None, packages_above_depth=None, packages_select_by_dep=None, packages_skip_by_dep=None, packages_skip_up_to=None, packages_select_build_failed=False, packages_skip_build_finished=False, packages_select_test_failures=False, packages_skip_test_passed=False, packages_select=None, packages_skip=None, packages_select_regex=None, packages_skip_regex=None, packages_start=None, packages_end=None, cmake_args=None, cmake_target=None, cmake_target_skip_unavailable=False, cmake_clean_cache=False, cmake_clean_first=False, cmake_force_configure=False, ament_cmake_args=None, catkin_cmake_args=None, catkin_skip_building_tests=False, mixin_files=None, mixin=None, verb_parser=<colcon_mixin.mixin.mixin_argument.MixinArgumentDecorator object at 0x758b5fc06230>, verb_extension=<colcon_core.verb.build.BuildVerb object at 0x758b5fc05cc0>, main=<bound method BuildVerb.main of <colcon_core.verb.build.BuildVerb object at 0x758b5fc05cc0>>, mixin_verb=('build',))
[0.325s] Level 1:colcon.colcon_core.package_discovery:discover_packages(colcon_meta) check parameters
[0.326s] INFO:colcon.colcon_metadata.package_discovery.colcon_meta:Using configuration from '/root/.colcon/metadata/default/Gazebo.meta'
[0.327s] INFO:colcon.colcon_metadata.package_discovery.colcon_meta:Using configuration from '/root/.colcon/metadata/default/fastrtps.meta'
[0.327s] Level 1:colcon.colcon_core.package_discovery:discover_packages(recursive) check parameters
[0.327s] Level 1:colcon.colcon_core.package_discovery:discover_packages(ignore) check parameters
[0.327s] Level 1:colcon.colcon_core.package_discovery:discover_packages(path) check parameters
[0.327s] Level 1:colcon.colcon_core.package_discovery:discover_packages(colcon_meta) discover
[0.327s] Level 1:colcon.colcon_core.package_discovery:discover_packages(recursive) discover
[0.328s] INFO:colcon.colcon_core.package_discovery:Crawling recursively for packages in '/home/local-planner/ros2_ws'
[0.328s] Level 1:colcon.colcon_core.package_identification:_identify(.) by extensions ['ignore', 'ignore_ament_install']
[0.328s] Level 1:colcon.colcon_core.package_identification:_identify(.) by extension 'ignore'
[0.328s] Level 1:colcon.colcon_core.package_identification:_identify(.) by extension 'ignore_ament_install'
[0.328s] Level 1:colcon.colcon_core.package_identification:_identify(.) by extensions ['colcon_pkg']
[0.328s] Level 1:colcon.colcon_core.package_identification:_identify(.) by extension 'colcon_pkg'
[0.328s] Level 1:colcon.colcon_core.package_identification:_identify(.) by extensions ['colcon_meta']
[0.328s] Level 1:colcon.colcon_core.package_identification:_identify(.) by extension 'colcon_meta'
[0.328s] Level 1:colcon.colcon_core.package_identification:_identify(.) by extensions ['ros']
[0.328s] Level 1:colcon.colcon_core.package_identification:_identify(.) by extension 'ros'
[0.342s] Level 1:colcon.colcon_core.package_identification:_identify(.) by extensions ['cmake', 'python']
[0.342s] Level 1:colcon.colcon_core.package_identification:_identify(.) by extension 'cmake'
[0.342s] Level 1:colcon.colcon_core.package_identification:_identify(.) by extension 'python'
[0.342s] Level 1:colcon.colcon_core.package_identification:_identify(.) by extensions ['python_setup_py']
[0.342s] Level 1:colcon.colcon_core.package_identification:_identify(.) by extension 'python_setup_py'
[0.342s] Level 1:colcon.colcon_core.package_identification:_identify(build) by extensions ['ignore', 'ignore_ament_install']
[0.342s] Level 1:colcon.colcon_core.package_identification:_identify(build) by extension 'ignore'
[0.342s] Level 1:colcon.colcon_core.package_identification:_identify(build) ignored
[0.343s] Level 1:colcon.colcon_core.package_identification:_identify(install) by extensions ['ignore', 'ignore_ament_install']
[0.343s] Level 1:colcon.colcon_core.package_identification:_identify(install) by extension 'ignore'
[0.343s] Level 1:colcon.colcon_core.package_identification:_identify(install) ignored
[0.343s] Level 1:colcon.colcon_core.package_identification:_identify(log) by extensions ['ignore', 'ignore_ament_install']
[0.343s] Level 1:colcon.colcon_core.package_identification:_identify(log) by extension 'ignore'
[0.343s] Level 1:colcon.colcon_core.package_identification:_identify(log) ignored
[0.343s] Level 1:colcon.colcon_core.package_identification:_identify(src) by extensions ['ignore', 'ignore_ament_install']
[0.343s] Level 1:colcon.colcon_core.package_identification:_identify(src) by extension 'ignore'
[0.343s] Level 1:colcon.colcon_core.package_identification:_identify(src) by extension 'ignore_ament_install'
[0.343s] Level 1:colcon.colcon_core.package_identification:_identify(src) by extensions ['colcon_pkg']
[0.343s] Level 1:colcon.colcon_core.package_identification:_identify(src) by extension 'colcon_pkg'
[0.343s] Level 1:colcon.colcon_core.package_identification:_identify(src) by extensions ['colcon_meta']
[0.343s] Level 1:colcon.colcon_core.package_identification:_identify(src) by extension 'colcon_meta'
[0.343s] Level 1:colcon.colcon_core.package_identification:_identify(src) by extensions ['ros']
[0.343s] Level 1:colcon.colcon_core.package_identification:_identify(src) by extension 'ros'
[0.343s] Level 1:colcon.colcon_core.package_identification:_identify(src) by extensions ['cmake', 'python']
[0.343s] Level 1:colcon.colcon_core.package_identification:_identify(src) by extension 'cmake'
[0.343s] Level 1:colcon.colcon_core.package_identification:_identify(src) by extension 'python'
[0.343s] Level 1:colcon.colcon_core.package_identification:_identify(src) by extensions ['python_setup_py']
[0.343s] Level 1:colcon.colcon_core.package_identification:_identify(src) by extension 'python_setup_py'
[0.343s] Level 1:colcon.colcon_core.package_identification:_identify(src/ros_tutorials) by extensions ['ignore', 'ignore_ament_install']
[0.344s] Level 1:colcon.colcon_core.package_identification:_identify(src/ros_tutorials) by extension 'ignore'
[0.344s] Level 1:colcon.colcon_core.package_identification:_identify(src/ros_tutorials) by extension 'ignore_ament_install'
[0.344s] Level 1:colcon.colcon_core.package_identification:_identify(src/ros_tutorials) by extensions ['colcon_pkg']
[0.344s] Level 1:colcon.colcon_core.package_identification:_identify(src/ros_tutorials) by extension 'colcon_pkg'
[0.344s] Level 1:colcon.colcon_core.package_identification:_identify(src/ros_tutorials) by extensions ['colcon_meta']
[0.344s] Level 1:colcon.colcon_core.package_identification:_identify(src/ros_tutorials) by extension 'colcon_meta'
[0.344s] Level 1:colcon.colcon_core.package_identification:_identify(src/ros_tutorials) by extensions ['ros']
[0.344s] Level 1:colcon.colcon_core.package_identification:_identify(src/ros_tutorials) by extension 'ros'
[0.344s] Level 1:colcon.colcon_core.package_identification:_identify(src/ros_tutorials) by extensions ['cmake', 'python']
[0.344s] Level 1:colcon.colcon_core.package_identification:_identify(src/ros_tutorials) by extension 'cmake'
[0.344s] Level 1:colcon.colcon_core.package_identification:_identify(src/ros_tutorials) by extension 'python'
[0.344s] Level 1:colcon.colcon_core.package_identification:_identify(src/ros_tutorials) by extensions ['python_setup_py']
[0.344s] Level 1:colcon.colcon_core.package_identification:_identify(src/ros_tutorials) by extension 'python_setup_py'
[0.344s] Level 1:colcon.colcon_core.package_identification:_identify(src/ros_tutorials/ros_tutorials) by extensions ['ignore', 'ignore_ament_install']
[0.344s] Level 1:colcon.colcon_core.package_identification:_identify(src/ros_tutorials/ros_tutorials) by extension 'ignore'
[0.344s] Level 1:colcon.colcon_core.package_identification:_identify(src/ros_tutorials/ros_tutorials) ignored
[0.344s] Level 1:colcon.colcon_core.package_identification:_identify(src/ros_tutorials/roscpp_tutorials) by extensions ['ignore', 'ignore_ament_install']
[0.344s] Level 1:colcon.colcon_core.package_identification:_identify(src/ros_tutorials/roscpp_tutorials) by extension 'ignore'
[0.344s] Level 1:colcon.colcon_core.package_identification:_identify(src/ros_tutorials/roscpp_tutorials) ignored
[0.344s] Level 1:colcon.colcon_core.package_identification:_identify(src/ros_tutorials/rospy_tutorials) by extensions ['ignore', 'ignore_ament_install']
[0.344s] Level 1:colcon.colcon_core.package_identification:_identify(src/ros_tutorials/rospy_tutorials) by extension 'ignore'
[0.344s] Level 1:colcon.colcon_core.package_identification:_identify(src/ros_tutorials/rospy_tutorials) ignored
[0.345s] Level 1:colcon.colcon_core.package_identification:_identify(src/ros_tutorials/turtlesim) by extensions ['ignore', 'ignore_ament_install']
[0.345s] Level 1:colcon.colcon_core.package_identification:_identify(src/ros_tutorials/turtlesim) by extension 'ignore'
[0.345s] Level 1:colcon.colcon_core.package_identification:_identify(src/ros_tutorials/turtlesim) by extension 'ignore_ament_install'
[0.345s] Level 1:colcon.colcon_core.package_identification:_identify(src/ros_tutorials/turtlesim) by extensions ['colcon_pkg']
[0.345s] Level 1:colcon.colcon_core.package_identification:_identify(src/ros_tutorials/turtlesim) by extension 'colcon_pkg'
[0.345s] Level 1:colcon.colcon_core.package_identification:_identify(src/ros_tutorials/turtlesim) by extensions ['colcon_meta']
[0.345s] Level 1:colcon.colcon_core.package_identification:_identify(src/ros_tutorials/turtlesim) by extension 'colcon_meta'
[0.345s] Level 1:colcon.colcon_core.package_identification:_identify(src/ros_tutorials/turtlesim) by extensions ['ros']
[0.345s] Level 1:colcon.colcon_core.package_identification:_identify(src/ros_tutorials/turtlesim) by extension 'ros'
[0.348s] DEBUG:colcon.colcon_core.package_identification:Package 'src/ros_tutorials/turtlesim' with type 'ros.ament_cmake' and name 'turtlesim'
[0.348s] Level 1:colcon.colcon_core.package_discovery:discover_packages(recursive) using defaults
[0.348s] Level 1:colcon.colcon_core.package_discovery:discover_packages(ignore) discover
[0.348s] Level 1:colcon.colcon_core.package_discovery:discover_packages(ignore) using defaults
[0.348s] Level 1:colcon.colcon_core.package_discovery:discover_packages(path) discover
[0.348s] Level 1:colcon.colcon_core.package_discovery:discover_packages(path) using defaults
[0.374s] Level 5:colcon.colcon_core.verb:set package 'turtlesim' build argument 'cmake_args' from command line to 'None'
[0.374s] Level 5:colcon.colcon_core.verb:set package 'turtlesim' build argument 'cmake_target' from command line to 'None'
[0.374s] Level 5:colcon.colcon_core.verb:set package 'turtlesim' build argument 'cmake_target_skip_unavailable' from command line to 'False'
[0.374s] Level 5:colcon.colcon_core.verb:set package 'turtlesim' build argument 'cmake_clean_cache' from command line to 'False'
[0.374s] Level 5:colcon.colcon_core.verb:set package 'turtlesim' build argument 'cmake_clean_first' from command line to 'False'
[0.374s] Level 5:colcon.colcon_core.verb:set package 'turtlesim' build argument 'cmake_force_configure' from command line to 'False'
[0.374s] Level 5:colcon.colcon_core.verb:set package 'turtlesim' build argument 'ament_cmake_args' from command line to 'None'
[0.374s] Level 5:colcon.colcon_core.verb:set package 'turtlesim' build argument 'catkin_cmake_args' from command line to 'None'
[0.374s] Level 5:colcon.colcon_core.verb:set package 'turtlesim' build argument 'catkin_skip_building_tests' from command line to 'False'
[0.374s] DEBUG:colcon.colcon_core.verb:Building package 'turtlesim' with the following arguments: {'ament_cmake_args': None, 'build_base': '/home/local-planner/ros2_ws/build/turtlesim', 'catkin_cmake_args': None, 'catkin_skip_building_tests': False, 'cmake_args': None, 'cmake_clean_cache': False, 'cmake_clean_first': False, 'cmake_force_configure': False, 'cmake_target': None, 'cmake_target_skip_unavailable': False, 'install_base': '/home/local-planner/ros2_ws/install/turtlesim', 'merge_install': False, 'path': '/home/local-planner/ros2_ws/src/ros_tutorials/turtlesim', 'symlink_install': False, 'test_result_base': None}
[0.374s] INFO:colcon.colcon_core.executor:Executing jobs using 'parallel' executor
[0.375s] DEBUG:colcon.colcon_parallel_executor.executor.parallel:run_until_complete
[0.376s] INFO:colcon.colcon_ros.task.ament_cmake.build:Building ROS package in '/home/local-planner/ros2_ws/src/ros_tutorials/turtlesim' with build type 'ament_cmake'
[0.376s] INFO:colcon.colcon_cmake.task.cmake.build:Building CMake package in '/home/local-planner/ros2_ws/src/ros_tutorials/turtlesim'
[0.380s] INFO:colcon.colcon_core.plugin_system:Skipping extension 'colcon_core.shell.bat': Not used on non-Windows systems
[0.380s] INFO:colcon.colcon_core.shell:Skip shell extension 'powershell' for command environment: Not usable outside of PowerShell
[0.380s] DEBUG:colcon.colcon_core.shell:Skip shell extension 'dsv' for command environment
[0.389s] DEBUG:colcon.colcon_core.event_handler.log_command:Invoking command in '/home/local-planner/ros2_ws/build/turtlesim': CMAKE_PREFIX_PATH=/opt/ros/humble /usr/bin/cmake /home/local-planner/ros2_ws/src/ros_tutorials/turtlesim -DCMAKE_INSTALL_PREFIX=/home/local-planner/ros2_ws/install/turtlesim
[3.138s] DEBUG:colcon.colcon_core.event_handler.log_command:Invoked command in '/home/local-planner/ros2_ws/build/turtlesim' returned '0': CMAKE_PREFIX_PATH=/opt/ros/humble /usr/bin/cmake /home/local-planner/ros2_ws/src/ros_tutorials/turtlesim -DCMAKE_INSTALL_PREFIX=/home/local-planner/ros2_ws/install/turtlesim
[3.139s] DEBUG:colcon.colcon_core.event_handler.log_command:Invoking command in '/home/local-planner/ros2_ws/build/turtlesim': CMAKE_PREFIX_PATH=/opt/ros/humble /usr/bin/cmake --build /home/local-planner/ros2_ws/build/turtlesim -- -j32 -l32
[23.255s] DEBUG:colcon.colcon_core.event_handler.log_command:Invoked command in '/home/local-planner/ros2_ws/build/turtlesim' returned '0': CMAKE_PREFIX_PATH=/opt/ros/humble /usr/bin/cmake --build /home/local-planner/ros2_ws/build/turtlesim -- -j32 -l32
[23.488s] DEBUG:colcon.colcon_core.event_handler.log_command:Invoking command in '/home/local-planner/ros2_ws/build/turtlesim': CMAKE_PREFIX_PATH=/opt/ros/humble /usr/bin/cmake --install /home/local-planner/ros2_ws/build/turtlesim
[23.624s] Level 1:colcon.colcon_core.environment:create_environment_scripts_only(turtlesim)
[23.625s] DEBUG:colcon.colcon_core.event_handler.log_command:Invoked command in '/home/local-planner/ros2_ws/build/turtlesim' returned '0': CMAKE_PREFIX_PATH=/opt/ros/humble /usr/bin/cmake --install /home/local-planner/ros2_ws/build/turtlesim
[23.629s] Level 1:colcon.colcon_core.environment:checking '/home/local-planner/ros2_ws/install/turtlesim' for CMake module files
[23.630s] Level 1:colcon.colcon_core.environment:checking '/home/local-planner/ros2_ws/install/turtlesim' for CMake config files
[23.631s] Level 1:colcon.colcon_core.shell:create_environment_hook('turtlesim', 'cmake_prefix_path')
[23.632s] INFO:colcon.colcon_core.shell:Creating environment hook '/home/local-planner/ros2_ws/install/turtlesim/share/turtlesim/hook/cmake_prefix_path.ps1'
[23.633s] INFO:colcon.colcon_core.shell:Creating environment descriptor '/home/local-planner/ros2_ws/install/turtlesim/share/turtlesim/hook/cmake_prefix_path.dsv'
[23.633s] INFO:colcon.colcon_core.shell:Creating environment hook '/home/local-planner/ros2_ws/install/turtlesim/share/turtlesim/hook/cmake_prefix_path.sh'
[23.635s] Level 1:colcon.colcon_core.environment:checking '/home/local-planner/ros2_ws/install/turtlesim/lib'
[23.635s] Level 1:colcon.colcon_core.shell:create_environment_hook('turtlesim', 'ld_library_path_lib')
[23.635s] INFO:colcon.colcon_core.shell:Creating environment hook '/home/local-planner/ros2_ws/install/turtlesim/share/turtlesim/hook/ld_library_path_lib.ps1'
[23.636s] INFO:colcon.colcon_core.shell:Creating environment descriptor '/home/local-planner/ros2_ws/install/turtlesim/share/turtlesim/hook/ld_library_path_lib.dsv'
[23.636s] INFO:colcon.colcon_core.shell:Creating environment hook '/home/local-planner/ros2_ws/install/turtlesim/share/turtlesim/hook/ld_library_path_lib.sh'
[23.636s] Level 1:colcon.colcon_core.environment:checking '/home/local-planner/ros2_ws/install/turtlesim/bin'
[23.636s] Level 1:colcon.colcon_core.environment:checking '/home/local-planner/ros2_ws/install/turtlesim/lib/pkgconfig/turtlesim.pc'
[23.638s] Level 1:colcon.colcon_core.environment:checking '/home/local-planner/ros2_ws/install/turtlesim/lib/python3.10/site-packages'
[23.639s] Level 1:colcon.colcon_core.environment:checking '/home/local-planner/ros2_ws/install/turtlesim/bin'
[23.639s] INFO:colcon.colcon_core.shell:Creating package script '/home/local-planner/ros2_ws/install/turtlesim/share/turtlesim/package.ps1'
[23.640s] INFO:colcon.colcon_core.shell:Creating package descriptor '/home/local-planner/ros2_ws/install/turtlesim/share/turtlesim/package.dsv'
[23.641s] INFO:colcon.colcon_core.shell:Creating package script '/home/local-planner/ros2_ws/install/turtlesim/share/turtlesim/package.sh'
[23.642s] INFO:colcon.colcon_core.shell:Creating package script '/home/local-planner/ros2_ws/install/turtlesim/share/turtlesim/package.bash'
[23.643s] INFO:colcon.colcon_core.shell:Creating package script '/home/local-planner/ros2_ws/install/turtlesim/share/turtlesim/package.zsh'
[23.643s] Level 1:colcon.colcon_core.environment:create_file_with_runtime_dependencies(/home/local-planner/ros2_ws/install/turtlesim/share/colcon-core/packages/turtlesim)
[23.891s] Level 1:colcon.colcon_core.environment:create_environment_scripts_only(turtlesim)
[23.892s] Level 1:colcon.colcon_core.environment:checking '/home/local-planner/ros2_ws/install/turtlesim' for CMake module files
[23.893s] Level 1:colcon.colcon_core.environment:checking '/home/local-planner/ros2_ws/install/turtlesim' for CMake config files
[23.894s] Level 1:colcon.colcon_core.shell:create_environment_hook('turtlesim', 'cmake_prefix_path')
[23.894s] INFO:colcon.colcon_core.shell:Creating environment hook '/home/local-planner/ros2_ws/install/turtlesim/share/turtlesim/hook/cmake_prefix_path.ps1'
[23.894s] INFO:colcon.colcon_core.shell:Creating environment descriptor '/home/local-planner/ros2_ws/install/turtlesim/share/turtlesim/hook/cmake_prefix_path.dsv'
[23.895s] INFO:colcon.colcon_core.shell:Creating environment hook '/home/local-planner/ros2_ws/install/turtlesim/share/turtlesim/hook/cmake_prefix_path.sh'
[23.895s] Level 1:colcon.colcon_core.environment:checking '/home/local-planner/ros2_ws/install/turtlesim/lib'
[23.895s] Level 1:colcon.colcon_core.shell:create_environment_hook('turtlesim', 'ld_library_path_lib')
[23.896s] INFO:colcon.colcon_core.shell:Creating environment hook '/home/local-planner/ros2_ws/install/turtlesim/share/turtlesim/hook/ld_library_path_lib.ps1'
[23.896s] INFO:colcon.colcon_core.shell:Creating environment descriptor '/home/local-planner/ros2_ws/install/turtlesim/share/turtlesim/hook/ld_library_path_lib.dsv'
[23.896s] INFO:colcon.colcon_core.shell:Creating environment hook '/home/local-planner/ros2_ws/install/turtlesim/share/turtlesim/hook/ld_library_path_lib.sh'
[23.897s] Level 1:colcon.colcon_core.environment:checking '/home/local-planner/ros2_ws/install/turtlesim/bin'
[23.897s] Level 1:colcon.colcon_core.environment:checking '/home/local-planner/ros2_ws/install/turtlesim/lib/pkgconfig/turtlesim.pc'
[23.897s] Level 1:colcon.colcon_core.environment:checking '/home/local-planner/ros2_ws/install/turtlesim/lib/python3.10/site-packages'
[23.897s] Level 1:colcon.colcon_core.environment:checking '/home/local-planner/ros2_ws/install/turtlesim/bin'
[23.898s] INFO:colcon.colcon_core.shell:Creating package script '/home/local-planner/ros2_ws/install/turtlesim/share/turtlesim/package.ps1'
[23.898s] INFO:colcon.colcon_core.shell:Creating package descriptor '/home/local-planner/ros2_ws/install/turtlesim/share/turtlesim/package.dsv'
[23.899s] INFO:colcon.colcon_core.shell:Creating package script '/home/local-planner/ros2_ws/install/turtlesim/share/turtlesim/package.sh'
[23.899s] INFO:colcon.colcon_core.shell:Creating package script '/home/local-planner/ros2_ws/install/turtlesim/share/turtlesim/package.bash'
[23.899s] INFO:colcon.colcon_core.shell:Creating package script '/home/local-planner/ros2_ws/install/turtlesim/share/turtlesim/package.zsh'
[23.900s] Level 1:colcon.colcon_core.environment:create_file_with_runtime_dependencies(/home/local-planner/ros2_ws/install/turtlesim/share/colcon-core/packages/turtlesim)
[23.900s] DEBUG:colcon.colcon_parallel_executor.executor.parallel:closing loop
[23.900s] DEBUG:colcon.colcon_parallel_executor.executor.parallel:loop closed
[23.900s] DEBUG:colcon.colcon_parallel_executor.executor.parallel:run_until_complete finished with '0'
[23.900s] DEBUG:colcon.colcon_core.event_reactor:joining thread
[23.913s] INFO:colcon.colcon_core.plugin_system:Skipping extension 'colcon_notification.desktop_notification.notify_send': Could not find 'notify-send'
[23.913s] INFO:colcon.colcon_core.plugin_system:Skipping extension 'colcon_notification.desktop_notification.terminal_notifier': Not used on non-Darwin systems
[23.913s] INFO:colcon.colcon_core.plugin_system:Skipping extension 'colcon_notification.desktop_notification.win32': Not used on non-Windows systems
[23.913s] INFO:colcon.colcon_notification.desktop_notification:Sending desktop notification using 'notify2'
[23.916s] DEBUG:colcon.colcon_notification.desktop_notification.notify2:Failed to initialize notify2: org.freedesktop.DBus.Error.Spawn.ExecFailed: /usr/bin/dbus-launch terminated abnormally without any error message
[23.916s] DEBUG:colcon.colcon_core.event_reactor:joined thread
[23.917s] INFO:colcon.colcon_core.shell:Creating prefix script '/home/local-planner/ros2_ws/install/local_setup.ps1'
[23.918s] INFO:colcon.colcon_core.shell:Creating prefix util module '/home/local-planner/ros2_ws/install/_local_setup_util_ps1.py'
[23.920s] INFO:colcon.colcon_core.shell:Creating prefix chain script '/home/local-planner/ros2_ws/install/setup.ps1'
[23.921s] INFO:colcon.colcon_core.shell:Creating prefix script '/home/local-planner/ros2_ws/install/local_setup.sh'
[23.921s] INFO:colcon.colcon_core.shell:Creating prefix util module '/home/local-planner/ros2_ws/install/_local_setup_util_sh.py'
[23.922s] INFO:colcon.colcon_core.shell:Creating prefix chain script '/home/local-planner/ros2_ws/install/setup.sh'
[23.923s] INFO:colcon.colcon_core.shell:Creating prefix script '/home/local-planner/ros2_ws/install/local_setup.bash'
[23.924s] INFO:colcon.colcon_core.shell:Creating prefix chain script '/home/local-planner/ros2_ws/install/setup.bash'
[23.925s] INFO:colcon.colcon_core.shell:Creating prefix script '/home/local-planner/ros2_ws/install/local_setup.zsh'
[23.925s] INFO:colcon.colcon_core.shell:Creating prefix chain script '/home/local-planner/ros2_ws/install/setup.zsh'
