[0.562s] Invoking command in '/home/local-planner/ros2_ws/src/my_package': PYTHONPATH=/home/local-planner/ros2_ws/src/build/my_package/prefix_override:/usr/lib/python3/dist-packages/colcon_core/task/python/colcon_distutils_commands:/home/local-planner/ros2_ws/src/install/my_package/lib/python3.10/site-packages:${PYTHONPATH} /usr/bin/python3 -W ignore:setup.py install is deprecated setup.py egg_info --egg-base ../build/my_package build --build-base /home/local-planner/ros2_ws/src/build/my_package/build install --record /home/local-planner/ros2_ws/src/build/my_package/install.log --single-version-externally-managed install_data
[0.763s] running egg_info
[0.763s] creating ../build/my_package/my_package.egg-info
[0.764s] writing ../build/my_package/my_package.egg-info/PKG-INFO
[0.764s] writing dependency_links to ../build/my_package/my_package.egg-info/dependency_links.txt
[0.764s] writing entry points to ../build/my_package/my_package.egg-info/entry_points.txt
[0.764s] writing requirements to ../build/my_package/my_package.egg-info/requires.txt
[0.764s] writing top-level names to ../build/my_package/my_package.egg-info/top_level.txt
[0.764s] writing manifest file '../build/my_package/my_package.egg-info/SOURCES.txt'
[0.765s] reading manifest file '../build/my_package/my_package.egg-info/SOURCES.txt'
[0.765s] adding license file 'LICENSE'
[0.766s] writing manifest file '../build/my_package/my_package.egg-info/SOURCES.txt'
[0.766s] running build
[0.766s] running build_py
[0.766s] creating /home/local-planner/ros2_ws/src/build/my_package/build
[0.767s] creating /home/local-planner/ros2_ws/src/build/my_package/build/lib
[0.767s] creating /home/local-planner/ros2_ws/src/build/my_package/build/lib/my_package
[0.767s] copying my_package/__init__.py -> /home/local-planner/ros2_ws/src/build/my_package/build/lib/my_package
[0.767s] copying my_package/my_node.py -> /home/local-planner/ros2_ws/src/build/my_package/build/lib/my_package
[0.767s] running install
[0.767s] running install_lib
[0.768s] creating /home/local-planner/ros2_ws/src/install/my_package/lib/python3.10/site-packages/my_package
[0.768s] copying /home/local-planner/ros2_ws/src/build/my_package/build/lib/my_package/__init__.py -> /home/local-planner/ros2_ws/src/install/my_package/lib/python3.10/site-packages/my_package
[0.768s] copying /home/local-planner/ros2_ws/src/build/my_package/build/lib/my_package/my_node.py -> /home/local-planner/ros2_ws/src/install/my_package/lib/python3.10/site-packages/my_package
[0.768s] byte-compiling /home/local-planner/ros2_ws/src/install/my_package/lib/python3.10/site-packages/my_package/__init__.py to __init__.cpython-310.pyc
[0.768s] byte-compiling /home/local-planner/ros2_ws/src/install/my_package/lib/python3.10/site-packages/my_package/my_node.py to my_node.cpython-310.pyc
[0.769s] running install_data
[0.769s] creating /home/local-planner/ros2_ws/src/install/my_package/share/ament_index
[0.769s] creating /home/local-planner/ros2_ws/src/install/my_package/share/ament_index/resource_index
[0.769s] creating /home/local-planner/ros2_ws/src/install/my_package/share/ament_index/resource_index/packages
[0.769s] copying resource/my_package -> /home/local-planner/ros2_ws/src/install/my_package/share/ament_index/resource_index/packages
[0.769s] copying package.xml -> /home/local-planner/ros2_ws/src/install/my_package/share/my_package
[0.769s] running install_egg_info
[0.771s] Copying ../build/my_package/my_package.egg-info to /home/local-planner/ros2_ws/src/install/my_package/lib/python3.10/site-packages/my_package-0.0.0-py3.10.egg-info
[0.771s] running install_scripts
[0.792s] Installing my_node script to /home/local-planner/ros2_ws/src/install/my_package/lib/my_package
[0.792s] writing list of installed files to '/home/local-planner/ros2_ws/src/build/my_package/install.log'
[0.812s] Invoked command in '/home/local-planner/ros2_ws/src/my_package' returned '0': PYTHONPATH=/home/local-planner/ros2_ws/src/build/my_package/prefix_override:/usr/lib/python3/dist-packages/colcon_core/task/python/colcon_distutils_commands:/home/local-planner/ros2_ws/src/install/my_package/lib/python3.10/site-packages:${PYTHONPATH} /usr/bin/python3 -W ignore:setup.py install is deprecated setup.py egg_info --egg-base ../build/my_package build --build-base /home/local-planner/ros2_ws/src/build/my_package/build install --record /home/local-planner/ros2_ws/src/build/my_package/install.log --single-version-externally-managed install_data
