[0.509s] Invoking command in '/home/local-planner/ros2_ws/src/py_pubsub': PYTHONPATH=/home/local-planner/ros2_ws/build/py_pubsub/prefix_override:/usr/lib/python3/dist-packages/colcon_core/task/python/colcon_distutils_commands:/home/local-planner/ros2_ws/install/py_pubsub/lib/python3.10/site-packages:${PYTHONPATH} /usr/bin/python3 -W ignore:setup.py install is deprecated setup.py egg_info --egg-base ../../build/py_pubsub build --build-base /home/local-planner/ros2_ws/build/py_pubsub/build install --record /home/local-planner/ros2_ws/build/py_pubsub/install.log --single-version-externally-managed install_data
[0.705s] running egg_info
[0.706s] creating ../../build/py_pubsub/py_pubsub.egg-info
[0.706s] writing ../../build/py_pubsub/py_pubsub.egg-info/PKG-INFO
[0.706s] writing dependency_links to ../../build/py_pubsub/py_pubsub.egg-info/dependency_links.txt
[0.706s] writing entry points to ../../build/py_pubsub/py_pubsub.egg-info/entry_points.txt
[0.706s] writing requirements to ../../build/py_pubsub/py_pubsub.egg-info/requires.txt
[0.706s] writing top-level names to ../../build/py_pubsub/py_pubsub.egg-info/top_level.txt
[0.706s] writing manifest file '../../build/py_pubsub/py_pubsub.egg-info/SOURCES.txt'
[0.708s] reading manifest file '../../build/py_pubsub/py_pubsub.egg-info/SOURCES.txt'
[0.708s] adding license file 'LICENSE'
[0.709s] writing manifest file '../../build/py_pubsub/py_pubsub.egg-info/SOURCES.txt'
[0.709s] running build
[0.709s] running build_py
[0.709s] creating /home/local-planner/ros2_ws/build/py_pubsub/build
[0.709s] creating /home/local-planner/ros2_ws/build/py_pubsub/build/lib
[0.709s] creating /home/local-planner/ros2_ws/build/py_pubsub/build/lib/py_pubsub
[0.710s] copying py_pubsub/subscriber_member_function.py -> /home/local-planner/ros2_ws/build/py_pubsub/build/lib/py_pubsub
[0.710s] copying py_pubsub/__init__.py -> /home/local-planner/ros2_ws/build/py_pubsub/build/lib/py_pubsub
[0.710s] copying py_pubsub/publisher_member_function.py -> /home/local-planner/ros2_ws/build/py_pubsub/build/lib/py_pubsub
[0.710s] running install
[0.710s] running install_lib
[0.711s] creating /home/local-planner/ros2_ws/install/py_pubsub/lib/python3.10/site-packages/py_pubsub
[0.711s] copying /home/local-planner/ros2_ws/build/py_pubsub/build/lib/py_pubsub/subscriber_member_function.py -> /home/local-planner/ros2_ws/install/py_pubsub/lib/python3.10/site-packages/py_pubsub
[0.711s] copying /home/local-planner/ros2_ws/build/py_pubsub/build/lib/py_pubsub/__init__.py -> /home/local-planner/ros2_ws/install/py_pubsub/lib/python3.10/site-packages/py_pubsub
[0.711s] copying /home/local-planner/ros2_ws/build/py_pubsub/build/lib/py_pubsub/publisher_member_function.py -> /home/local-planner/ros2_ws/install/py_pubsub/lib/python3.10/site-packages/py_pubsub
[0.711s] byte-compiling /home/local-planner/ros2_ws/install/py_pubsub/lib/python3.10/site-packages/py_pubsub/subscriber_member_function.py to subscriber_member_function.cpython-310.pyc
[0.712s] byte-compiling /home/local-planner/ros2_ws/install/py_pubsub/lib/python3.10/site-packages/py_pubsub/__init__.py to __init__.cpython-310.pyc
[0.712s] byte-compiling /home/local-planner/ros2_ws/install/py_pubsub/lib/python3.10/site-packages/py_pubsub/publisher_member_function.py to publisher_member_function.cpython-310.pyc
[0.712s] running install_data
[0.712s] creating /home/local-planner/ros2_ws/install/py_pubsub/share/ament_index
[0.712s] creating /home/local-planner/ros2_ws/install/py_pubsub/share/ament_index/resource_index
[0.712s] creating /home/local-planner/ros2_ws/install/py_pubsub/share/ament_index/resource_index/packages
[0.713s] copying resource/py_pubsub -> /home/local-planner/ros2_ws/install/py_pubsub/share/ament_index/resource_index/packages
[0.713s] copying package.xml -> /home/local-planner/ros2_ws/install/py_pubsub/share/py_pubsub
[0.713s] running install_egg_info
[0.714s] Copying ../../build/py_pubsub/py_pubsub.egg-info to /home/local-planner/ros2_ws/install/py_pubsub/lib/python3.10/site-packages/py_pubsub-0.0.0-py3.10.egg-info
[0.715s] running install_scripts
[0.738s] Installing listener script to /home/local-planner/ros2_ws/install/py_pubsub/lib/py_pubsub
[0.739s] Installing talker script to /home/local-planner/ros2_ws/install/py_pubsub/lib/py_pubsub
[0.739s] writing list of installed files to '/home/local-planner/ros2_ws/build/py_pubsub/install.log'
[0.763s] Invoked command in '/home/local-planner/ros2_ws/src/py_pubsub' returned '0': PYTHONPATH=/home/local-planner/ros2_ws/build/py_pubsub/prefix_override:/usr/lib/python3/dist-packages/colcon_core/task/python/colcon_distutils_commands:/home/local-planner/ros2_ws/install/py_pubsub/lib/python3.10/site-packages:${PYTHONPATH} /usr/bin/python3 -W ignore:setup.py install is deprecated setup.py egg_info --egg-base ../../build/py_pubsub build --build-base /home/local-planner/ros2_ws/build/py_pubsub/build install --record /home/local-planner/ros2_ws/build/py_pubsub/install.log --single-version-externally-managed install_data
