[0.009s] Invoking command in '/home/local-planner/ros2_ws/build/turtlesim': CMAKE_PREFIX_PATH=/opt/ros/humble /usr/bin/cmake --build /home/local-planner/ros2_ws/build/turtlesim -- -j32 -l32
[0.062s] [35m[1mConsolidate compiler generated dependencies of target turtlesim__rosidl_generator_c[0m
[0.073s] [  1%] Built target turtlesim__cpp
[0.080s] [ 11%] Built target turtlesim__rosidl_generator_c
[0.086s] [ 11%] Built target ament_cmake_python_copy_turtlesim
[0.088s] [35m[1mConsolidate compiler generated dependencies of target turtlesim__rosidl_typesupport_cpp[0m
[0.090s] [35m[1mConsolidate compiler generated dependencies of target turtlesim__rosidl_typesupport_introspection_cpp[0m
[0.090s] [35m[1mConsolidate compiler generated dependencies of target turtlesim__rosidl_typesupport_fastrtps_cpp[0m
[0.094s] [35m[1mConsolidate compiler generated dependencies of target turtlesim__rosidl_typesupport_c[0m
[0.095s] [35m[1mConsolidate compiler generated dependencies of target turtlesim__rosidl_typesupport_introspection_c[0m
[0.095s] [35m[1mConsolidate compiler generated dependencies of target turtlesim__rosidl_typesupport_fastrtps_c[0m
[0.112s] [ 21%] Built target turtlesim__rosidl_typesupport_c
[0.114s] [ 35%] Built target turtlesim__rosidl_typesupport_introspection_c
[0.114s] [ 41%] Built target turtlesim__rosidl_typesupport_cpp
[0.116s] [ 51%] Built target turtlesim__rosidl_typesupport_introspection_cpp
[0.119s] [ 61%] Built target turtlesim__rosidl_typesupport_fastrtps_cpp
[0.123s] [ 71%] Built target turtlesim__rosidl_typesupport_fastrtps_c
[0.130s] [35m[1mConsolidate compiler generated dependencies of target turtle_teleop_key[0m
[0.130s] [35m[1mConsolidate compiler generated dependencies of target draw_square[0m
[0.130s] [35m[1mConsolidate compiler generated dependencies of target mimic[0m
[0.133s] [35m[1mConsolidate compiler generated dependencies of target turtlesim_node[0m
[0.150s] [ 71%] Built target turtlesim
[0.156s] [ 73%] Built target draw_square
[0.157s] [ 76%] Built target mimic
[0.157s] [ 77%] Built target turtle_teleop_key
[0.172s] [ 78%] [32mBuilding CXX object CMakeFiles/turtlesim_node.dir/src/turtle_frame.cpp.o[0m
[0.177s] [ 79%] Built target turtlesim__py
[0.192s] [35m[1mConsolidate compiler generated dependencies of target turtlesim__rosidl_generator_py[0m
[0.216s] [ 88%] Built target turtlesim__rosidl_generator_py
[0.229s] [35m[1mConsolidate compiler generated dependencies of target turtlesim__rosidl_typesupport_fastrtps_c__pyext[0m
[0.230s] [35m[1mConsolidate compiler generated dependencies of target turtlesim__rosidl_typesupport_introspection_c__pyext[0m
[0.230s] [35m[1mConsolidate compiler generated dependencies of target turtlesim__rosidl_typesupport_c__pyext[0m
[0.247s] [ 90%] Built target turtlesim__rosidl_typesupport_fastrtps_c__pyext
[0.248s] [ 92%] Built target turtlesim__rosidl_typesupport_introspection_c__pyext
[0.248s] [ 94%] Built target turtlesim__rosidl_typesupport_c__pyext
[0.347s] running egg_info
[0.347s] writing turtlesim.egg-info/PKG-INFO
[0.348s] writing dependency_links to turtlesim.egg-info/dependency_links.txt
[0.348s] writing top-level names to turtlesim.egg-info/top_level.txt
[0.351s] reading manifest file 'turtlesim.egg-info/SOURCES.txt'
[0.351s] writing manifest file 'turtlesim.egg-info/SOURCES.txt'
[0.381s] [ 94%] Built target ament_cmake_python_build_turtlesim_egg
[11.250s] [ 95%] [32m[1mLinking CXX executable turtlesim_node[0m
[12.992s] [100%] Built target turtlesim_node
[13.006s] Invoked command in '/home/local-planner/ros2_ws/build/turtlesim' returned '0': CMAKE_PREFIX_PATH=/opt/ros/humble /usr/bin/cmake --build /home/local-planner/ros2_ws/build/turtlesim -- -j32 -l32
[13.228s] Invoking command in '/home/local-planner/ros2_ws/build/turtlesim': CMAKE_PREFIX_PATH=/opt/ros/humble /usr/bin/cmake --install /home/local-planner/ros2_ws/build/turtlesim
[13.235s] -- Install configuration: ""
[13.235s] -- Up-to-date: /home/local-planner/ros2_ws/install/turtlesim/share/ament_index/resource_index/rosidl_interfaces/turtlesim
[13.235s] -- Up-to-date: /home/local-planner/ros2_ws/install/turtlesim/include/turtlesim/turtlesim
[13.236s] -- Up-to-date: /home/local-planner/ros2_ws/install/turtlesim/include/turtlesim/turtlesim/msg
[13.236s] -- Up-to-date: /home/local-planner/ros2_ws/install/turtlesim/include/turtlesim/turtlesim/msg/rosidl_generator_c__visibility_control.h
[13.236s] -- Up-to-date: /home/local-planner/ros2_ws/install/turtlesim/include/turtlesim/turtlesim/msg/color.h
[13.236s] -- Up-to-date: /home/local-planner/ros2_ws/install/turtlesim/include/turtlesim/turtlesim/msg/pose.h
[13.236s] -- Up-to-date: /home/local-planner/ros2_ws/install/turtlesim/include/turtlesim/turtlesim/msg/detail
[13.236s] -- Up-to-date: /home/local-planner/ros2_ws/install/turtlesim/include/turtlesim/turtlesim/msg/detail/color__functions.h
[13.236s] -- Up-to-date: /home/local-planner/ros2_ws/install/turtlesim/include/turtlesim/turtlesim/msg/detail/color__functions.c
[13.236s] -- Up-to-date: /home/local-planner/ros2_ws/install/turtlesim/include/turtlesim/turtlesim/msg/detail/pose__functions.c
[13.237s] -- Up-to-date: /home/local-planner/ros2_ws/install/turtlesim/include/turtlesim/turtlesim/msg/detail/color__struct.h
[13.237s] -- Up-to-date: /home/local-planner/ros2_ws/install/turtlesim/include/turtlesim/turtlesim/msg/detail/pose__functions.h
[13.237s] -- Up-to-date: /home/local-planner/ros2_ws/install/turtlesim/include/turtlesim/turtlesim/msg/detail/pose__type_support.h
[13.237s] -- Up-to-date: /home/local-planner/ros2_ws/install/turtlesim/include/turtlesim/turtlesim/msg/detail/color__type_support.h
[13.237s] -- Up-to-date: /home/local-planner/ros2_ws/install/turtlesim/include/turtlesim/turtlesim/msg/detail/pose__struct.h
[13.237s] -- Up-to-date: /home/local-planner/ros2_ws/install/turtlesim/include/turtlesim/turtlesim/srv
[13.237s] -- Up-to-date: /home/local-planner/ros2_ws/install/turtlesim/include/turtlesim/turtlesim/srv/set_pen.h
[13.237s] -- Up-to-date: /home/local-planner/ros2_ws/install/turtlesim/include/turtlesim/turtlesim/srv/spawn.h
[13.237s] -- Up-to-date: /home/local-planner/ros2_ws/install/turtlesim/include/turtlesim/turtlesim/srv/teleport_relative.h
[13.237s] -- Up-to-date: /home/local-planner/ros2_ws/install/turtlesim/include/turtlesim/turtlesim/srv/kill.h
[13.237s] -- Up-to-date: /home/local-planner/ros2_ws/install/turtlesim/include/turtlesim/turtlesim/srv/teleport_absolute.h
[13.237s] -- Up-to-date: /home/local-planner/ros2_ws/install/turtlesim/include/turtlesim/turtlesim/srv/detail
[13.237s] -- Up-to-date: /home/local-planner/ros2_ws/install/turtlesim/include/turtlesim/turtlesim/srv/detail/spawn__functions.c
[13.237s] -- Up-to-date: /home/local-planner/ros2_ws/install/turtlesim/include/turtlesim/turtlesim/srv/detail/teleport_relative__functions.h
[13.237s] -- Up-to-date: /home/local-planner/ros2_ws/install/turtlesim/include/turtlesim/turtlesim/srv/detail/spawn__functions.h
[13.237s] -- Up-to-date: /home/local-planner/ros2_ws/install/turtlesim/include/turtlesim/turtlesim/srv/detail/spawn__struct.h
[13.237s] -- Up-to-date: /home/local-planner/ros2_ws/install/turtlesim/include/turtlesim/turtlesim/srv/detail/teleport_relative__type_support.h
[13.238s] -- Up-to-date: /home/local-planner/ros2_ws/install/turtlesim/include/turtlesim/turtlesim/srv/detail/set_pen__struct.h
[13.238s] -- Up-to-date: /home/local-planner/ros2_ws/install/turtlesim/include/turtlesim/turtlesim/srv/detail/kill__struct.h
[13.238s] -- Up-to-date: /home/local-planner/ros2_ws/install/turtlesim/include/turtlesim/turtlesim/srv/detail/spawn__type_support.h
[13.238s] -- Up-to-date: /home/local-planner/ros2_ws/install/turtlesim/include/turtlesim/turtlesim/srv/detail/kill__functions.c
[13.238s] -- Up-to-date: /home/local-planner/ros2_ws/install/turtlesim/include/turtlesim/turtlesim/srv/detail/set_pen__type_support.h
[13.238s] -- Up-to-date: /home/local-planner/ros2_ws/install/turtlesim/include/turtlesim/turtlesim/srv/detail/teleport_absolute__type_support.h
[13.238s] -- Up-to-date: /home/local-planner/ros2_ws/install/turtlesim/include/turtlesim/turtlesim/srv/detail/teleport_absolute__functions.h
[13.238s] -- Up-to-date: /home/local-planner/ros2_ws/install/turtlesim/include/turtlesim/turtlesim/srv/detail/kill__functions.h
[13.238s] -- Up-to-date: /home/local-planner/ros2_ws/install/turtlesim/include/turtlesim/turtlesim/srv/detail/set_pen__functions.c
[13.238s] -- Up-to-date: /home/local-planner/ros2_ws/install/turtlesim/include/turtlesim/turtlesim/srv/detail/teleport_absolute__struct.h
[13.238s] -- Up-to-date: /home/local-planner/ros2_ws/install/turtlesim/include/turtlesim/turtlesim/srv/detail/teleport_relative__functions.c
[13.238s] -- Up-to-date: /home/local-planner/ros2_ws/install/turtlesim/include/turtlesim/turtlesim/srv/detail/teleport_absolute__functions.c
[13.238s] -- Up-to-date: /home/local-planner/ros2_ws/install/turtlesim/include/turtlesim/turtlesim/srv/detail/set_pen__functions.h
[13.238s] -- Up-to-date: /home/local-planner/ros2_ws/install/turtlesim/include/turtlesim/turtlesim/srv/detail/teleport_relative__struct.h
[13.239s] -- Up-to-date: /home/local-planner/ros2_ws/install/turtlesim/include/turtlesim/turtlesim/srv/detail/kill__type_support.h
[13.239s] -- Up-to-date: /home/local-planner/ros2_ws/install/turtlesim/include/turtlesim/turtlesim/action
[13.239s] -- Up-to-date: /home/local-planner/ros2_ws/install/turtlesim/include/turtlesim/turtlesim/action/detail
[13.239s] -- Up-to-date: /home/local-planner/ros2_ws/install/turtlesim/include/turtlesim/turtlesim/action/detail/rotate_absolute__functions.c
[13.239s] -- Up-to-date: /home/local-planner/ros2_ws/install/turtlesim/include/turtlesim/turtlesim/action/detail/rotate_absolute__struct.h
[13.239s] -- Up-to-date: /home/local-planner/ros2_ws/install/turtlesim/include/turtlesim/turtlesim/action/detail/rotate_absolute__type_support.h
[13.239s] -- Up-to-date: /home/local-planner/ros2_ws/install/turtlesim/include/turtlesim/turtlesim/action/detail/rotate_absolute__functions.h
[13.239s] -- Up-to-date: /home/local-planner/ros2_ws/install/turtlesim/include/turtlesim/turtlesim/action/rotate_absolute.h
[13.239s] -- Up-to-date: /home/local-planner/ros2_ws/install/turtlesim/share/turtlesim/environment/library_path.sh
[13.239s] -- Up-to-date: /home/local-planner/ros2_ws/install/turtlesim/share/turtlesim/environment/library_path.dsv
[13.239s] -- Up-to-date: /home/local-planner/ros2_ws/install/turtlesim/lib/libturtlesim__rosidl_generator_c.so
[13.239s] -- Up-to-date: /home/local-planner/ros2_ws/install/turtlesim/include/turtlesim/turtlesim
[13.239s] -- Up-to-date: /home/local-planner/ros2_ws/install/turtlesim/include/turtlesim/turtlesim/msg
[13.239s] -- Up-to-date: /home/local-planner/ros2_ws/install/turtlesim/include/turtlesim/turtlesim/msg/rosidl_typesupport_fastrtps_c__visibility_control.h
[13.239s] -- Up-to-date: /home/local-planner/ros2_ws/install/turtlesim/include/turtlesim/turtlesim/msg/detail
[13.239s] -- Up-to-date: /home/local-planner/ros2_ws/install/turtlesim/include/turtlesim/turtlesim/msg/detail/pose__rosidl_typesupport_fastrtps_c.h
[13.239s] -- Up-to-date: /home/local-planner/ros2_ws/install/turtlesim/include/turtlesim/turtlesim/msg/detail/color__rosidl_typesupport_fastrtps_c.h
[13.240s] -- Up-to-date: /home/local-planner/ros2_ws/install/turtlesim/include/turtlesim/turtlesim/srv
[13.240s] -- Up-to-date: /home/local-planner/ros2_ws/install/turtlesim/include/turtlesim/turtlesim/srv/detail
[13.240s] -- Up-to-date: /home/local-planner/ros2_ws/install/turtlesim/include/turtlesim/turtlesim/srv/detail/kill__rosidl_typesupport_fastrtps_c.h
[13.240s] -- Up-to-date: /home/local-planner/ros2_ws/install/turtlesim/include/turtlesim/turtlesim/srv/detail/set_pen__rosidl_typesupport_fastrtps_c.h
[13.240s] -- Up-to-date: /home/local-planner/ros2_ws/install/turtlesim/include/turtlesim/turtlesim/srv/detail/spawn__rosidl_typesupport_fastrtps_c.h
[13.240s] -- Up-to-date: /home/local-planner/ros2_ws/install/turtlesim/include/turtlesim/turtlesim/srv/detail/teleport_relative__rosidl_typesupport_fastrtps_c.h
[13.240s] -- Up-to-date: /home/local-planner/ros2_ws/install/turtlesim/include/turtlesim/turtlesim/srv/detail/teleport_absolute__rosidl_typesupport_fastrtps_c.h
[13.240s] -- Up-to-date: /home/local-planner/ros2_ws/install/turtlesim/include/turtlesim/turtlesim/action
[13.240s] -- Up-to-date: /home/local-planner/ros2_ws/install/turtlesim/include/turtlesim/turtlesim/action/detail
[13.240s] -- Up-to-date: /home/local-planner/ros2_ws/install/turtlesim/include/turtlesim/turtlesim/action/detail/rotate_absolute__rosidl_typesupport_fastrtps_c.h
[13.240s] -- Up-to-date: /home/local-planner/ros2_ws/install/turtlesim/lib/libturtlesim__rosidl_typesupport_fastrtps_c.so
[13.240s] -- Up-to-date: /home/local-planner/ros2_ws/install/turtlesim/include/turtlesim/turtlesim
[13.240s] -- Up-to-date: /home/local-planner/ros2_ws/install/turtlesim/include/turtlesim/turtlesim/msg
[13.240s] -- Up-to-date: /home/local-planner/ros2_ws/install/turtlesim/include/turtlesim/turtlesim/msg/pose.hpp
[13.240s] -- Up-to-date: /home/local-planner/ros2_ws/install/turtlesim/include/turtlesim/turtlesim/msg/color.hpp
[13.240s] -- Up-to-date: /home/local-planner/ros2_ws/install/turtlesim/include/turtlesim/turtlesim/msg/detail
[13.240s] -- Up-to-date: /home/local-planner/ros2_ws/install/turtlesim/include/turtlesim/turtlesim/msg/detail/pose__builder.hpp
[13.240s] -- Up-to-date: /home/local-planner/ros2_ws/install/turtlesim/include/turtlesim/turtlesim/msg/detail/pose__struct.hpp
[13.241s] -- Up-to-date: /home/local-planner/ros2_ws/install/turtlesim/include/turtlesim/turtlesim/msg/detail/color__struct.hpp
[13.241s] -- Up-to-date: /home/local-planner/ros2_ws/install/turtlesim/include/turtlesim/turtlesim/msg/detail/color__traits.hpp
[13.241s] -- Up-to-date: /home/local-planner/ros2_ws/install/turtlesim/include/turtlesim/turtlesim/msg/detail/pose__traits.hpp
[13.241s] -- Up-to-date: /home/local-planner/ros2_ws/install/turtlesim/include/turtlesim/turtlesim/msg/detail/color__builder.hpp
[13.241s] -- Up-to-date: /home/local-planner/ros2_ws/install/turtlesim/include/turtlesim/turtlesim/srv
[13.241s] -- Up-to-date: /home/local-planner/ros2_ws/install/turtlesim/include/turtlesim/turtlesim/srv/teleport_absolute.hpp
[13.241s] -- Up-to-date: /home/local-planner/ros2_ws/install/turtlesim/include/turtlesim/turtlesim/srv/spawn.hpp
[13.241s] -- Up-to-date: /home/local-planner/ros2_ws/install/turtlesim/include/turtlesim/turtlesim/srv/kill.hpp
[13.241s] -- Up-to-date: /home/local-planner/ros2_ws/install/turtlesim/include/turtlesim/turtlesim/srv/set_pen.hpp
[13.241s] -- Up-to-date: /home/local-planner/ros2_ws/install/turtlesim/include/turtlesim/turtlesim/srv/teleport_relative.hpp
[13.241s] -- Up-to-date: /home/local-planner/ros2_ws/install/turtlesim/include/turtlesim/turtlesim/srv/detail
[13.241s] -- Up-to-date: /home/local-planner/ros2_ws/install/turtlesim/include/turtlesim/turtlesim/srv/detail/teleport_absolute__builder.hpp
[13.241s] -- Up-to-date: /home/local-planner/ros2_ws/install/turtlesim/include/turtlesim/turtlesim/srv/detail/spawn__traits.hpp
[13.241s] -- Up-to-date: /home/local-planner/ros2_ws/install/turtlesim/include/turtlesim/turtlesim/srv/detail/set_pen__builder.hpp
[13.241s] -- Up-to-date: /home/local-planner/ros2_ws/install/turtlesim/include/turtlesim/turtlesim/srv/detail/spawn__struct.hpp
[13.241s] -- Up-to-date: /home/local-planner/ros2_ws/install/turtlesim/include/turtlesim/turtlesim/srv/detail/teleport_relative__traits.hpp
[13.241s] -- Up-to-date: /home/local-planner/ros2_ws/install/turtlesim/include/turtlesim/turtlesim/srv/detail/teleport_relative__builder.hpp
[13.242s] -- Up-to-date: /home/local-planner/ros2_ws/install/turtlesim/include/turtlesim/turtlesim/srv/detail/kill__traits.hpp
[13.242s] -- Up-to-date: /home/local-planner/ros2_ws/install/turtlesim/include/turtlesim/turtlesim/srv/detail/teleport_relative__struct.hpp
[13.242s] -- Up-to-date: /home/local-planner/ros2_ws/install/turtlesim/include/turtlesim/turtlesim/srv/detail/kill__builder.hpp
[13.242s] -- Up-to-date: /home/local-planner/ros2_ws/install/turtlesim/include/turtlesim/turtlesim/srv/detail/set_pen__traits.hpp
[13.242s] -- Up-to-date: /home/local-planner/ros2_ws/install/turtlesim/include/turtlesim/turtlesim/srv/detail/kill__struct.hpp
[13.242s] -- Up-to-date: /home/local-planner/ros2_ws/install/turtlesim/include/turtlesim/turtlesim/srv/detail/set_pen__struct.hpp
[13.242s] -- Up-to-date: /home/local-planner/ros2_ws/install/turtlesim/include/turtlesim/turtlesim/srv/detail/spawn__builder.hpp
[13.242s] -- Up-to-date: /home/local-planner/ros2_ws/install/turtlesim/include/turtlesim/turtlesim/srv/detail/teleport_absolute__struct.hpp
[13.242s] -- Up-to-date: /home/local-planner/ros2_ws/install/turtlesim/include/turtlesim/turtlesim/srv/detail/teleport_absolute__traits.hpp
[13.242s] -- Up-to-date: /home/local-planner/ros2_ws/install/turtlesim/include/turtlesim/turtlesim/action
[13.242s] -- Up-to-date: /home/local-planner/ros2_ws/install/turtlesim/include/turtlesim/turtlesim/action/rotate_absolute.hpp
[13.242s] -- Up-to-date: /home/local-planner/ros2_ws/install/turtlesim/include/turtlesim/turtlesim/action/detail
[13.242s] -- Up-to-date: /home/local-planner/ros2_ws/install/turtlesim/include/turtlesim/turtlesim/action/detail/rotate_absolute__builder.hpp
[13.242s] -- Up-to-date: /home/local-planner/ros2_ws/install/turtlesim/include/turtlesim/turtlesim/action/detail/rotate_absolute__traits.hpp
[13.242s] -- Up-to-date: /home/local-planner/ros2_ws/install/turtlesim/include/turtlesim/turtlesim/action/detail/rotate_absolute__struct.hpp
[13.242s] -- Up-to-date: /home/local-planner/ros2_ws/install/turtlesim/include/turtlesim/turtlesim
[13.242s] -- Up-to-date: /home/local-planner/ros2_ws/install/turtlesim/include/turtlesim/turtlesim/msg
[13.242s] -- Up-to-date: /home/local-planner/ros2_ws/install/turtlesim/include/turtlesim/turtlesim/msg/rosidl_typesupport_fastrtps_cpp__visibility_control.h
[13.242s] -- Up-to-date: /home/local-planner/ros2_ws/install/turtlesim/include/turtlesim/turtlesim/msg/detail
[13.242s] -- Up-to-date: /home/local-planner/ros2_ws/install/turtlesim/include/turtlesim/turtlesim/msg/detail/dds_fastrtps
[13.243s] -- Up-to-date: /home/local-planner/ros2_ws/install/turtlesim/include/turtlesim/turtlesim/msg/detail/color__rosidl_typesupport_fastrtps_cpp.hpp
[13.243s] -- Up-to-date: /home/local-planner/ros2_ws/install/turtlesim/include/turtlesim/turtlesim/msg/detail/pose__rosidl_typesupport_fastrtps_cpp.hpp
[13.243s] -- Up-to-date: /home/local-planner/ros2_ws/install/turtlesim/include/turtlesim/turtlesim/srv
[13.243s] -- Up-to-date: /home/local-planner/ros2_ws/install/turtlesim/include/turtlesim/turtlesim/srv/detail
[13.243s] -- Up-to-date: /home/local-planner/ros2_ws/install/turtlesim/include/turtlesim/turtlesim/srv/detail/dds_fastrtps
[13.243s] -- Up-to-date: /home/local-planner/ros2_ws/install/turtlesim/include/turtlesim/turtlesim/srv/detail/kill__rosidl_typesupport_fastrtps_cpp.hpp
[13.243s] -- Up-to-date: /home/local-planner/ros2_ws/install/turtlesim/include/turtlesim/turtlesim/srv/detail/set_pen__rosidl_typesupport_fastrtps_cpp.hpp
[13.243s] -- Up-to-date: /home/local-planner/ros2_ws/install/turtlesim/include/turtlesim/turtlesim/srv/detail/spawn__rosidl_typesupport_fastrtps_cpp.hpp
[13.243s] -- Up-to-date: /home/local-planner/ros2_ws/install/turtlesim/include/turtlesim/turtlesim/srv/detail/teleport_absolute__rosidl_typesupport_fastrtps_cpp.hpp
[13.243s] -- Up-to-date: /home/local-planner/ros2_ws/install/turtlesim/include/turtlesim/turtlesim/srv/detail/teleport_relative__rosidl_typesupport_fastrtps_cpp.hpp
[13.243s] -- Up-to-date: /home/local-planner/ros2_ws/install/turtlesim/include/turtlesim/turtlesim/action
[13.243s] -- Up-to-date: /home/local-planner/ros2_ws/install/turtlesim/include/turtlesim/turtlesim/action/detail
[13.243s] -- Up-to-date: /home/local-planner/ros2_ws/install/turtlesim/include/turtlesim/turtlesim/action/detail/dds_fastrtps
[13.243s] -- Up-to-date: /home/local-planner/ros2_ws/install/turtlesim/include/turtlesim/turtlesim/action/detail/rotate_absolute__rosidl_typesupport_fastrtps_cpp.hpp
[13.244s] -- Up-to-date: /home/local-planner/ros2_ws/install/turtlesim/lib/libturtlesim__rosidl_typesupport_fastrtps_cpp.so
[13.244s] -- Up-to-date: /home/local-planner/ros2_ws/install/turtlesim/include/turtlesim/turtlesim
[13.244s] -- Up-to-date: /home/local-planner/ros2_ws/install/turtlesim/include/turtlesim/turtlesim/msg
[13.244s] -- Up-to-date: /home/local-planner/ros2_ws/install/turtlesim/include/turtlesim/turtlesim/msg/rosidl_typesupport_introspection_c__visibility_control.h
[13.244s] -- Up-to-date: /home/local-planner/ros2_ws/install/turtlesim/include/turtlesim/turtlesim/msg/detail
[13.244s] -- Up-to-date: /home/local-planner/ros2_ws/install/turtlesim/include/turtlesim/turtlesim/msg/detail/pose__type_support.c
[13.244s] -- Up-to-date: /home/local-planner/ros2_ws/install/turtlesim/include/turtlesim/turtlesim/msg/detail/color__type_support.c
[13.244s] -- Up-to-date: /home/local-planner/ros2_ws/install/turtlesim/include/turtlesim/turtlesim/msg/detail/pose__rosidl_typesupport_introspection_c.h
[13.244s] -- Up-to-date: /home/local-planner/ros2_ws/install/turtlesim/include/turtlesim/turtlesim/msg/detail/color__rosidl_typesupport_introspection_c.h
[13.244s] -- Up-to-date: /home/local-planner/ros2_ws/install/turtlesim/include/turtlesim/turtlesim/srv
[13.244s] -- Up-to-date: /home/local-planner/ros2_ws/install/turtlesim/include/turtlesim/turtlesim/srv/detail
[13.244s] -- Up-to-date: /home/local-planner/ros2_ws/install/turtlesim/include/turtlesim/turtlesim/srv/detail/teleport_relative__type_support.c
[13.244s] -- Up-to-date: /home/local-planner/ros2_ws/install/turtlesim/include/turtlesim/turtlesim/srv/detail/spawn__rosidl_typesupport_introspection_c.h
[13.244s] -- Up-to-date: /home/local-planner/ros2_ws/install/turtlesim/include/turtlesim/turtlesim/srv/detail/set_pen__rosidl_typesupport_introspection_c.h
[13.244s] -- Up-to-date: /home/local-planner/ros2_ws/install/turtlesim/include/turtlesim/turtlesim/srv/detail/kill__type_support.c
[13.244s] -- Up-to-date: /home/local-planner/ros2_ws/install/turtlesim/include/turtlesim/turtlesim/srv/detail/spawn__type_support.c
[13.244s] -- Up-to-date: /home/local-planner/ros2_ws/install/turtlesim/include/turtlesim/turtlesim/srv/detail/teleport_relative__rosidl_typesupport_introspection_c.h
[13.244s] -- Up-to-date: /home/local-planner/ros2_ws/install/turtlesim/include/turtlesim/turtlesim/srv/detail/kill__rosidl_typesupport_introspection_c.h
[13.244s] -- Up-to-date: /home/local-planner/ros2_ws/install/turtlesim/include/turtlesim/turtlesim/srv/detail/set_pen__type_support.c
[13.245s] -- Up-to-date: /home/local-planner/ros2_ws/install/turtlesim/include/turtlesim/turtlesim/srv/detail/teleport_absolute__type_support.c
[13.245s] -- Up-to-date: /home/local-planner/ros2_ws/install/turtlesim/include/turtlesim/turtlesim/srv/detail/teleport_absolute__rosidl_typesupport_introspection_c.h
[13.245s] -- Up-to-date: /home/local-planner/ros2_ws/install/turtlesim/include/turtlesim/turtlesim/action
[13.245s] -- Up-to-date: /home/local-planner/ros2_ws/install/turtlesim/include/turtlesim/turtlesim/action/detail
[13.245s] -- Up-to-date: /home/local-planner/ros2_ws/install/turtlesim/include/turtlesim/turtlesim/action/detail/rotate_absolute__rosidl_typesupport_introspection_c.h
[13.245s] -- Up-to-date: /home/local-planner/ros2_ws/install/turtlesim/include/turtlesim/turtlesim/action/detail/rotate_absolute__type_support.c
[13.245s] -- Up-to-date: /home/local-planner/ros2_ws/install/turtlesim/lib/libturtlesim__rosidl_typesupport_introspection_c.so
[13.245s] -- Up-to-date: /home/local-planner/ros2_ws/install/turtlesim/lib/libturtlesim__rosidl_typesupport_c.so
[13.245s] -- Up-to-date: /home/local-planner/ros2_ws/install/turtlesim/include/turtlesim/turtlesim
[13.245s] -- Up-to-date: /home/local-planner/ros2_ws/install/turtlesim/include/turtlesim/turtlesim/msg
[13.245s] -- Up-to-date: /home/local-planner/ros2_ws/install/turtlesim/include/turtlesim/turtlesim/msg/detail
[13.245s] -- Up-to-date: /home/local-planner/ros2_ws/install/turtlesim/include/turtlesim/turtlesim/msg/detail/pose__type_support.cpp
[13.245s] -- Up-to-date: /home/local-planner/ros2_ws/install/turtlesim/include/turtlesim/turtlesim/msg/detail/pose__rosidl_typesupport_introspection_cpp.hpp
[13.245s] -- Up-to-date: /home/local-planner/ros2_ws/install/turtlesim/include/turtlesim/turtlesim/msg/detail/color__rosidl_typesupport_introspection_cpp.hpp
[13.245s] -- Up-to-date: /home/local-planner/ros2_ws/install/turtlesim/include/turtlesim/turtlesim/msg/detail/color__type_support.cpp
[13.245s] -- Up-to-date: /home/local-planner/ros2_ws/install/turtlesim/include/turtlesim/turtlesim/srv
[13.245s] -- Up-to-date: /home/local-planner/ros2_ws/install/turtlesim/include/turtlesim/turtlesim/srv/detail
[13.245s] -- Up-to-date: /home/local-planner/ros2_ws/install/turtlesim/include/turtlesim/turtlesim/srv/detail/kill__type_support.cpp
[13.245s] -- Up-to-date: /home/local-planner/ros2_ws/install/turtlesim/include/turtlesim/turtlesim/srv/detail/set_pen__type_support.cpp
[13.246s] -- Up-to-date: /home/local-planner/ros2_ws/install/turtlesim/include/turtlesim/turtlesim/srv/detail/kill__rosidl_typesupport_introspection_cpp.hpp
[13.246s] -- Up-to-date: /home/local-planner/ros2_ws/install/turtlesim/include/turtlesim/turtlesim/srv/detail/teleport_relative__rosidl_typesupport_introspection_cpp.hpp
[13.246s] -- Up-to-date: /home/local-planner/ros2_ws/install/turtlesim/include/turtlesim/turtlesim/srv/detail/teleport_relative__type_support.cpp
[13.246s] -- Up-to-date: /home/local-planner/ros2_ws/install/turtlesim/include/turtlesim/turtlesim/srv/detail/spawn__rosidl_typesupport_introspection_cpp.hpp
[13.246s] -- Up-to-date: /home/local-planner/ros2_ws/install/turtlesim/include/turtlesim/turtlesim/srv/detail/teleport_absolute__rosidl_typesupport_introspection_cpp.hpp
[13.246s] -- Up-to-date: /home/local-planner/ros2_ws/install/turtlesim/include/turtlesim/turtlesim/srv/detail/spawn__type_support.cpp
[13.246s] -- Up-to-date: /home/local-planner/ros2_ws/install/turtlesim/include/turtlesim/turtlesim/srv/detail/teleport_absolute__type_support.cpp
[13.246s] -- Up-to-date: /home/local-planner/ros2_ws/install/turtlesim/include/turtlesim/turtlesim/srv/detail/set_pen__rosidl_typesupport_introspection_cpp.hpp
[13.246s] -- Up-to-date: /home/local-planner/ros2_ws/install/turtlesim/include/turtlesim/turtlesim/action
[13.246s] -- Up-to-date: /home/local-planner/ros2_ws/install/turtlesim/include/turtlesim/turtlesim/action/detail
[13.246s] -- Up-to-date: /home/local-planner/ros2_ws/install/turtlesim/include/turtlesim/turtlesim/action/detail/rotate_absolute__type_support.cpp
[13.246s] -- Up-to-date: /home/local-planner/ros2_ws/install/turtlesim/include/turtlesim/turtlesim/action/detail/rotate_absolute__rosidl_typesupport_introspection_cpp.hpp
[13.246s] -- Up-to-date: /home/local-planner/ros2_ws/install/turtlesim/lib/libturtlesim__rosidl_typesupport_introspection_cpp.so
[13.246s] -- Up-to-date: /home/local-planner/ros2_ws/install/turtlesim/lib/libturtlesim__rosidl_typesupport_cpp.so
[13.246s] -- Up-to-date: /home/local-planner/ros2_ws/install/turtlesim/share/turtlesim/environment/pythonpath.sh
[13.246s] -- Up-to-date: /home/local-planner/ros2_ws/install/turtlesim/share/turtlesim/environment/pythonpath.dsv
[13.246s] -- Up-to-date: /home/local-planner/ros2_ws/install/turtlesim/local/lib/python3.10/dist-packages/turtlesim-1.4.2-py3.10.egg-info
[13.246s] -- Installing: /home/local-planner/ros2_ws/install/turtlesim/local/lib/python3.10/dist-packages/turtlesim-1.4.2-py3.10.egg-info/top_level.txt
[13.246s] -- Installing: /home/local-planner/ros2_ws/install/turtlesim/local/lib/python3.10/dist-packages/turtlesim-1.4.2-py3.10.egg-info/dependency_links.txt
[13.247s] -- Installing: /home/local-planner/ros2_ws/install/turtlesim/local/lib/python3.10/dist-packages/turtlesim-1.4.2-py3.10.egg-info/PKG-INFO
[13.247s] -- Installing: /home/local-planner/ros2_ws/install/turtlesim/local/lib/python3.10/dist-packages/turtlesim-1.4.2-py3.10.egg-info/SOURCES.txt
[13.247s] -- Up-to-date: /home/local-planner/ros2_ws/install/turtlesim/local/lib/python3.10/dist-packages/turtlesim
[13.247s] -- Up-to-date: /home/local-planner/ros2_ws/install/turtlesim/local/lib/python3.10/dist-packages/turtlesim/turtlesim_s__rosidl_typesupport_introspection_c.cpython-310-x86_64-linux-gnu.so
[13.247s] -- Up-to-date: /home/local-planner/ros2_ws/install/turtlesim/local/lib/python3.10/dist-packages/turtlesim/_turtlesim_s.ep.rosidl_typesupport_c.c
[13.247s] -- Up-to-date: /home/local-planner/ros2_ws/install/turtlesim/local/lib/python3.10/dist-packages/turtlesim/turtlesim_s__rosidl_typesupport_fastrtps_c.cpython-310-x86_64-linux-gnu.so
[13.247s] -- Up-to-date: /home/local-planner/ros2_ws/install/turtlesim/local/lib/python3.10/dist-packages/turtlesim/_turtlesim_s.ep.rosidl_typesupport_introspection_c.c
[13.247s] -- Up-to-date: /home/local-planner/ros2_ws/install/turtlesim/local/lib/python3.10/dist-packages/turtlesim/turtlesim_s__rosidl_typesupport_c.cpython-310-x86_64-linux-gnu.so
[13.247s] -- Up-to-date: /home/local-planner/ros2_ws/install/turtlesim/local/lib/python3.10/dist-packages/turtlesim/libturtlesim__rosidl_generator_py.so
[13.247s] -- Up-to-date: /home/local-planner/ros2_ws/install/turtlesim/local/lib/python3.10/dist-packages/turtlesim/msg
[13.247s] -- Up-to-date: /home/local-planner/ros2_ws/install/turtlesim/local/lib/python3.10/dist-packages/turtlesim/msg/_pose_s.c
[13.247s] -- Up-to-date: /home/local-planner/ros2_ws/install/turtlesim/local/lib/python3.10/dist-packages/turtlesim/msg/__init__.py
[13.247s] -- Up-to-date: /home/local-planner/ros2_ws/install/turtlesim/local/lib/python3.10/dist-packages/turtlesim/msg/_color.py
[13.247s] -- Up-to-date: /home/local-planner/ros2_ws/install/turtlesim/local/lib/python3.10/dist-packages/turtlesim/msg/_pose.py
[13.247s] -- Up-to-date: /home/local-planner/ros2_ws/install/turtlesim/local/lib/python3.10/dist-packages/turtlesim/msg/_color_s.c
[13.247s] -- Up-to-date: /home/local-planner/ros2_ws/install/turtlesim/local/lib/python3.10/dist-packages/turtlesim/_turtlesim_s.ep.rosidl_typesupport_fastrtps_c.c
[13.247s] -- Up-to-date: /home/local-planner/ros2_ws/install/turtlesim/local/lib/python3.10/dist-packages/turtlesim/__init__.py
[13.247s] -- Up-to-date: /home/local-planner/ros2_ws/install/turtlesim/local/lib/python3.10/dist-packages/turtlesim/srv
[13.247s] -- Up-to-date: /home/local-planner/ros2_ws/install/turtlesim/local/lib/python3.10/dist-packages/turtlesim/srv/_set_pen_s.c
[13.248s] -- Up-to-date: /home/local-planner/ros2_ws/install/turtlesim/local/lib/python3.10/dist-packages/turtlesim/srv/_teleport_absolute.py
[13.248s] -- Up-to-date: /home/local-planner/ros2_ws/install/turtlesim/local/lib/python3.10/dist-packages/turtlesim/srv/_set_pen.py
[13.248s] -- Up-to-date: /home/local-planner/ros2_ws/install/turtlesim/local/lib/python3.10/dist-packages/turtlesim/srv/_teleport_absolute_s.c
[13.248s] -- Up-to-date: /home/local-planner/ros2_ws/install/turtlesim/local/lib/python3.10/dist-packages/turtlesim/srv/_kill_s.c
[13.248s] -- Up-to-date: /home/local-planner/ros2_ws/install/turtlesim/local/lib/python3.10/dist-packages/turtlesim/srv/_spawn_s.c
[13.248s] -- Up-to-date: /home/local-planner/ros2_ws/install/turtlesim/local/lib/python3.10/dist-packages/turtlesim/srv/_teleport_relative_s.c
[13.248s] -- Up-to-date: /home/local-planner/ros2_ws/install/turtlesim/local/lib/python3.10/dist-packages/turtlesim/srv/__init__.py
[13.248s] -- Up-to-date: /home/local-planner/ros2_ws/install/turtlesim/local/lib/python3.10/dist-packages/turtlesim/srv/_spawn.py
[13.248s] -- Up-to-date: /home/local-planner/ros2_ws/install/turtlesim/local/lib/python3.10/dist-packages/turtlesim/srv/_teleport_relative.py
[13.248s] -- Up-to-date: /home/local-planner/ros2_ws/install/turtlesim/local/lib/python3.10/dist-packages/turtlesim/srv/_kill.py
[13.248s] -- Up-to-date: /home/local-planner/ros2_ws/install/turtlesim/local/lib/python3.10/dist-packages/turtlesim/action
[13.248s] -- Up-to-date: /home/local-planner/ros2_ws/install/turtlesim/local/lib/python3.10/dist-packages/turtlesim/action/_rotate_absolute_s.c
[13.248s] -- Up-to-date: /home/local-planner/ros2_ws/install/turtlesim/local/lib/python3.10/dist-packages/turtlesim/action/__init__.py
[13.248s] -- Up-to-date: /home/local-planner/ros2_ws/install/turtlesim/local/lib/python3.10/dist-packages/turtlesim/action/_rotate_absolute.py
[13.278s] Listing '/home/local-planner/ros2_ws/install/turtlesim/local/lib/python3.10/dist-packages/turtlesim'...
[13.279s] Listing '/home/local-planner/ros2_ws/install/turtlesim/local/lib/python3.10/dist-packages/turtlesim/action'...
[13.279s] Listing '/home/local-planner/ros2_ws/install/turtlesim/local/lib/python3.10/dist-packages/turtlesim/msg'...
[13.279s] Listing '/home/local-planner/ros2_ws/install/turtlesim/local/lib/python3.10/dist-packages/turtlesim/srv'...
[13.284s] -- Up-to-date: /home/local-planner/ros2_ws/install/turtlesim/local/lib/python3.10/dist-packages/turtlesim/turtlesim_s__rosidl_typesupport_fastrtps_c.cpython-310-x86_64-linux-gnu.so
[13.285s] -- Up-to-date: /home/local-planner/ros2_ws/install/turtlesim/local/lib/python3.10/dist-packages/turtlesim/turtlesim_s__rosidl_typesupport_introspection_c.cpython-310-x86_64-linux-gnu.so
[13.285s] -- Up-to-date: /home/local-planner/ros2_ws/install/turtlesim/local/lib/python3.10/dist-packages/turtlesim/turtlesim_s__rosidl_typesupport_c.cpython-310-x86_64-linux-gnu.so
[13.285s] -- Up-to-date: /home/local-planner/ros2_ws/install/turtlesim/lib/libturtlesim__rosidl_generator_py.so
[13.286s] -- Up-to-date: /home/local-planner/ros2_ws/install/turtlesim/share/turtlesim/action/RotateAbsolute.idl
[13.286s] -- Up-to-date: /home/local-planner/ros2_ws/install/turtlesim/share/turtlesim/msg/Color.idl
[13.286s] -- Up-to-date: /home/local-planner/ros2_ws/install/turtlesim/share/turtlesim/msg/Pose.idl
[13.286s] -- Up-to-date: /home/local-planner/ros2_ws/install/turtlesim/share/turtlesim/srv/Kill.idl
[13.286s] -- Up-to-date: /home/local-planner/ros2_ws/install/turtlesim/share/turtlesim/srv/SetPen.idl
[13.286s] -- Up-to-date: /home/local-planner/ros2_ws/install/turtlesim/share/turtlesim/srv/Spawn.idl
[13.286s] -- Up-to-date: /home/local-planner/ros2_ws/install/turtlesim/share/turtlesim/srv/TeleportAbsolute.idl
[13.286s] -- Up-to-date: /home/local-planner/ros2_ws/install/turtlesim/share/turtlesim/srv/TeleportRelative.idl
[13.286s] -- Up-to-date: /home/local-planner/ros2_ws/install/turtlesim/share/turtlesim/action/RotateAbsolute.action
[13.287s] -- Up-to-date: /home/local-planner/ros2_ws/install/turtlesim/share/turtlesim/msg/Color.msg
[13.287s] -- Up-to-date: /home/local-planner/ros2_ws/install/turtlesim/share/turtlesim/msg/Pose.msg
[13.287s] -- Up-to-date: /home/local-planner/ros2_ws/install/turtlesim/share/turtlesim/srv/Kill.srv
[13.287s] -- Up-to-date: /home/local-planner/ros2_ws/install/turtlesim/share/turtlesim/srv/Kill_Request.msg
[13.287s] -- Up-to-date: /home/local-planner/ros2_ws/install/turtlesim/share/turtlesim/srv/Kill_Response.msg
[13.287s] -- Up-to-date: /home/local-planner/ros2_ws/install/turtlesim/share/turtlesim/srv/SetPen.srv
[13.287s] -- Up-to-date: /home/local-planner/ros2_ws/install/turtlesim/share/turtlesim/srv/SetPen_Request.msg
[13.287s] -- Up-to-date: /home/local-planner/ros2_ws/install/turtlesim/share/turtlesim/srv/SetPen_Response.msg
[13.287s] -- Up-to-date: /home/local-planner/ros2_ws/install/turtlesim/share/turtlesim/srv/Spawn.srv
[13.287s] -- Up-to-date: /home/local-planner/ros2_ws/install/turtlesim/share/turtlesim/srv/Spawn_Request.msg
[13.287s] -- Up-to-date: /home/local-planner/ros2_ws/install/turtlesim/share/turtlesim/srv/Spawn_Response.msg
[13.287s] -- Up-to-date: /home/local-planner/ros2_ws/install/turtlesim/share/turtlesim/srv/TeleportAbsolute.srv
[13.287s] -- Up-to-date: /home/local-planner/ros2_ws/install/turtlesim/share/turtlesim/srv/TeleportAbsolute_Request.msg
[13.287s] -- Up-to-date: /home/local-planner/ros2_ws/install/turtlesim/share/turtlesim/srv/TeleportAbsolute_Response.msg
[13.287s] -- Up-to-date: /home/local-planner/ros2_ws/install/turtlesim/share/turtlesim/srv/TeleportRelative.srv
[13.288s] -- Up-to-date: /home/local-planner/ros2_ws/install/turtlesim/share/turtlesim/srv/TeleportRelative_Request.msg
[13.288s] -- Up-to-date: /home/local-planner/ros2_ws/install/turtlesim/share/turtlesim/srv/TeleportRelative_Response.msg
[13.288s] -- Installing: /home/local-planner/ros2_ws/install/turtlesim/lib/turtlesim/turtlesim_node
[13.299s] -- Set runtime path of "/home/local-planner/ros2_ws/install/turtlesim/lib/turtlesim/turtlesim_node" to ""
[13.299s] -- Up-to-date: /home/local-planner/ros2_ws/install/turtlesim/lib/turtlesim/turtle_teleop_key
[13.299s] -- Up-to-date: /home/local-planner/ros2_ws/install/turtlesim/lib/turtlesim/draw_square
[13.300s] -- Up-to-date: /home/local-planner/ros2_ws/install/turtlesim/lib/turtlesim/mimic
[13.300s] -- Up-to-date: /home/local-planner/ros2_ws/install/turtlesim/share/turtlesim/images
[13.301s] -- Up-to-date: /home/local-planner/ros2_ws/install/turtlesim/share/turtlesim/images/foxy.png
[13.301s] -- Up-to-date: /home/local-planner/ros2_ws/install/turtlesim/share/turtlesim/images/crystal.png
[13.301s] -- Up-to-date: /home/local-planner/ros2_ws/install/turtlesim/share/turtlesim/images/bouncy.png
[13.301s] -- Up-to-date: /home/local-planner/ros2_ws/install/turtlesim/share/turtlesim/images/galactic.png
[13.301s] -- Up-to-date: /home/local-planner/ros2_ws/install/turtlesim/share/turtlesim/images/eloquent.png
[13.301s] -- Up-to-date: /home/local-planner/ros2_ws/install/turtlesim/share/turtlesim/images/rolling.png
[13.301s] -- Up-to-date: /home/local-planner/ros2_ws/install/turtlesim/share/turtlesim/images/ardent.png
[13.301s] -- Up-to-date: /home/local-planner/ros2_ws/install/turtlesim/share/turtlesim/images/dashing.png
[13.301s] -- Up-to-date: /home/local-planner/ros2_ws/install/turtlesim/share/turtlesim/images/humble.png
[13.301s] -- Up-to-date: /home/local-planner/ros2_ws/install/turtlesim/share/turtlesim/launch
[13.301s] -- Up-to-date: /home/local-planner/ros2_ws/install/turtlesim/share/turtlesim/launch/multisim.launch.py
[13.301s] -- Up-to-date: /home/local-planner/ros2_ws/install/turtlesim/share/ament_index/resource_index/package_run_dependencies/turtlesim
[13.301s] -- Up-to-date: /home/local-planner/ros2_ws/install/turtlesim/share/ament_index/resource_index/parent_prefix_path/turtlesim
[13.302s] -- Up-to-date: /home/local-planner/ros2_ws/install/turtlesim/share/turtlesim/environment/ament_prefix_path.sh
[13.302s] -- Up-to-date: /home/local-planner/ros2_ws/install/turtlesim/share/turtlesim/environment/ament_prefix_path.dsv
[13.302s] -- Up-to-date: /home/local-planner/ros2_ws/install/turtlesim/share/turtlesim/environment/path.sh
[13.302s] -- Up-to-date: /home/local-planner/ros2_ws/install/turtlesim/share/turtlesim/environment/path.dsv
[13.302s] -- Up-to-date: /home/local-planner/ros2_ws/install/turtlesim/share/turtlesim/local_setup.bash
[13.302s] -- Up-to-date: /home/local-planner/ros2_ws/install/turtlesim/share/turtlesim/local_setup.sh
[13.302s] -- Up-to-date: /home/local-planner/ros2_ws/install/turtlesim/share/turtlesim/local_setup.zsh
[13.302s] -- Up-to-date: /home/local-planner/ros2_ws/install/turtlesim/share/turtlesim/local_setup.dsv
[13.302s] -- Installing: /home/local-planner/ros2_ws/install/turtlesim/share/turtlesim/package.dsv
[13.302s] -- Up-to-date: /home/local-planner/ros2_ws/install/turtlesim/share/ament_index/resource_index/packages/turtlesim
[13.302s] -- Up-to-date: /home/local-planner/ros2_ws/install/turtlesim/share/turtlesim/cmake/export_turtlesim__rosidl_generator_cExport.cmake
[13.302s] -- Up-to-date: /home/local-planner/ros2_ws/install/turtlesim/share/turtlesim/cmake/export_turtlesim__rosidl_generator_cExport-noconfig.cmake
[13.303s] -- Up-to-date: /home/local-planner/ros2_ws/install/turtlesim/share/turtlesim/cmake/export_turtlesim__rosidl_typesupport_fastrtps_cExport.cmake
[13.303s] -- Up-to-date: /home/local-planner/ros2_ws/install/turtlesim/share/turtlesim/cmake/export_turtlesim__rosidl_typesupport_fastrtps_cExport-noconfig.cmake
[13.303s] -- Up-to-date: /home/local-planner/ros2_ws/install/turtlesim/share/turtlesim/cmake/export_turtlesim__rosidl_generator_cppExport.cmake
[13.303s] -- Up-to-date: /home/local-planner/ros2_ws/install/turtlesim/share/turtlesim/cmake/export_turtlesim__rosidl_typesupport_fastrtps_cppExport.cmake
[13.303s] -- Up-to-date: /home/local-planner/ros2_ws/install/turtlesim/share/turtlesim/cmake/export_turtlesim__rosidl_typesupport_fastrtps_cppExport-noconfig.cmake
[13.303s] -- Up-to-date: /home/local-planner/ros2_ws/install/turtlesim/share/turtlesim/cmake/turtlesim__rosidl_typesupport_introspection_cExport.cmake
[13.303s] -- Up-to-date: /home/local-planner/ros2_ws/install/turtlesim/share/turtlesim/cmake/turtlesim__rosidl_typesupport_introspection_cExport-noconfig.cmake
[13.303s] -- Up-to-date: /home/local-planner/ros2_ws/install/turtlesim/share/turtlesim/cmake/turtlesim__rosidl_typesupport_cExport.cmake
[13.303s] -- Up-to-date: /home/local-planner/ros2_ws/install/turtlesim/share/turtlesim/cmake/turtlesim__rosidl_typesupport_cExport-noconfig.cmake
[13.303s] -- Up-to-date: /home/local-planner/ros2_ws/install/turtlesim/share/turtlesim/cmake/turtlesim__rosidl_typesupport_introspection_cppExport.cmake
[13.303s] -- Up-to-date: /home/local-planner/ros2_ws/install/turtlesim/share/turtlesim/cmake/turtlesim__rosidl_typesupport_introspection_cppExport-noconfig.cmake
[13.303s] -- Up-to-date: /home/local-planner/ros2_ws/install/turtlesim/share/turtlesim/cmake/turtlesim__rosidl_typesupport_cppExport.cmake
[13.303s] -- Up-to-date: /home/local-planner/ros2_ws/install/turtlesim/share/turtlesim/cmake/turtlesim__rosidl_typesupport_cppExport-noconfig.cmake
[13.303s] -- Up-to-date: /home/local-planner/ros2_ws/install/turtlesim/share/turtlesim/cmake/export_turtlesim__rosidl_generator_pyExport.cmake
[13.303s] -- Up-to-date: /home/local-planner/ros2_ws/install/turtlesim/share/turtlesim/cmake/export_turtlesim__rosidl_generator_pyExport-noconfig.cmake
[13.304s] -- Up-to-date: /home/local-planner/ros2_ws/install/turtlesim/share/turtlesim/cmake/rosidl_cmake-extras.cmake
[13.304s] -- Up-to-date: /home/local-planner/ros2_ws/install/turtlesim/share/turtlesim/cmake/ament_cmake_export_dependencies-extras.cmake
[13.304s] -- Up-to-date: /home/local-planner/ros2_ws/install/turtlesim/share/turtlesim/cmake/ament_cmake_export_include_directories-extras.cmake
[13.304s] -- Up-to-date: /home/local-planner/ros2_ws/install/turtlesim/share/turtlesim/cmake/ament_cmake_export_libraries-extras.cmake
[13.304s] -- Up-to-date: /home/local-planner/ros2_ws/install/turtlesim/share/turtlesim/cmake/ament_cmake_export_targets-extras.cmake
[13.304s] -- Up-to-date: /home/local-planner/ros2_ws/install/turtlesim/share/turtlesim/cmake/rosidl_cmake_export_typesupport_targets-extras.cmake
[13.304s] -- Up-to-date: /home/local-planner/ros2_ws/install/turtlesim/share/turtlesim/cmake/rosidl_cmake_export_typesupport_libraries-extras.cmake
[13.304s] -- Up-to-date: /home/local-planner/ros2_ws/install/turtlesim/share/turtlesim/cmake/turtlesimConfig.cmake
[13.304s] -- Up-to-date: /home/local-planner/ros2_ws/install/turtlesim/share/turtlesim/cmake/turtlesimConfig-version.cmake
[13.304s] -- Up-to-date: /home/local-planner/ros2_ws/install/turtlesim/share/turtlesim/package.xml
[13.305s] Invoked command in '/home/local-planner/ros2_ws/build/turtlesim' returned '0': CMAKE_PREFIX_PATH=/opt/ros/humble /usr/bin/cmake --install /home/local-planner/ros2_ws/build/turtlesim
