[0.013s] Invoking command in '/home/local-planner/ros2_ws/build/turtlesim': CMAKE_PREFIX_PATH=/opt/ros/humble /usr/bin/cmake /home/local-planner/ros2_ws/src/ros_tutorials/turtlesim -DCMAKE_INSTALL_PREFIX=/home/local-planner/ros2_ws/install/turtlesim
[0.116s] -- The C compiler identification is GNU 11.4.0
[0.199s] -- The CXX compiler identification is GNU 11.4.0
[0.209s] -- Detecting C compiler ABI info
[0.280s] -- Detecting C compiler ABI info - done
[0.288s] -- Check for working C compiler: /usr/bin/cc - skipped
[0.288s] -- Detecting C compile features
[0.289s] -- Detecting C compile features - done
[0.293s] -- Detecting CXX compiler ABI info
[0.371s] -- Detecting CXX compiler ABI info - done
[0.379s] -- Check for working CXX compiler: /usr/bin/c++ - skipped
[0.379s] -- Detecting CXX compile features
[0.379s] -- Detecting CXX compile features - done
[0.385s] -- Found ament_cmake: 1.3.9 (/opt/ros/humble/share/ament_cmake/cmake)
[0.539s] -- Found Python3: /usr/bin/python3 (found version "3.10.12") found components: Interpreter 
[0.654s] -- Found ament_index_cpp: 1.4.0 (/opt/ros/humble/share/ament_index_cpp/cmake)
[0.657s] -- Found geometry_msgs: 4.2.4 (/opt/ros/humble/share/geometry_msgs/cmake)
[0.714s] -- Found rosidl_generator_c: 3.1.5 (/opt/ros/humble/share/rosidl_generator_c/cmake)
[0.722s] -- Found rosidl_adapter: 3.1.5 (/opt/ros/humble/share/rosidl_adapter/cmake)
[0.735s] -- Found rosidl_generator_cpp: 3.1.5 (/opt/ros/humble/share/rosidl_generator_cpp/cmake)
[0.758s] -- Using all available rosidl_typesupport_c: rosidl_typesupport_fastrtps_c;rosidl_typesupport_introspection_c
[0.786s] -- Using all available rosidl_typesupport_cpp: rosidl_typesupport_fastrtps_cpp;rosidl_typesupport_introspection_cpp
[0.937s] -- Found rclcpp: 16.0.9 (/opt/ros/humble/share/rclcpp/cmake)
[1.023s] -- Found rmw_implementation_cmake: 6.1.2 (/opt/ros/humble/share/rmw_implementation_cmake/cmake)
[1.028s] -- Found rmw_fastrtps_cpp: 6.2.6 (/opt/ros/humble/share/rmw_fastrtps_cpp/cmake)
[1.152s] -- Found OpenSSL: /usr/lib/x86_64-linux-gnu/libcrypto.so (found version "3.0.2")  
[1.177s] -- Found FastRTPS: /opt/ros/humble/include  
[1.220s] -- Using RMW implementation 'rmw_fastrtps_cpp' as default
[1.232s] -- Looking for pthread.h
[1.321s] -- Looking for pthread.h - found
[1.321s] -- Performing Test CMAKE_HAVE_LIBC_PTHREAD
[1.404s] -- Performing Test CMAKE_HAVE_LIBC_PTHREAD - Success
[1.406s] -- Found Threads: TRUE  
[1.594s] -- Found rclcpp_action: 16.0.9 (/opt/ros/humble/share/rclcpp_action/cmake)
[1.739s] -- Found rosidl_default_generators: 1.2.0 (/opt/ros/humble/share/rosidl_default_generators/cmake)
[1.752s] -- Found std_srvs: 4.2.4 (/opt/ros/humble/share/std_srvs/cmake)
[2.110s] -- Found ament_cmake_ros: 0.10.0 (/opt/ros/humble/share/ament_cmake_ros/cmake)
[2.442s] -- Using all available rosidl_typesupport_c: rosidl_typesupport_fastrtps_c;rosidl_typesupport_introspection_c
[2.568s] -- Using all available rosidl_typesupport_cpp: rosidl_typesupport_fastrtps_cpp;rosidl_typesupport_introspection_cpp
[2.587s] -- Found PythonInterp: /usr/bin/python3 (found suitable version "3.10.12", minimum required is "3.6") 
[2.589s] -- Found python_cmake_module: 0.10.0 (/opt/ros/humble/share/python_cmake_module/cmake)
[2.610s] -- Found PythonLibs: /usr/lib/x86_64-linux-gnu/libpython3.10.so (found suitable version "3.10.12", minimum required is "3.5") 
[2.610s] -- Using PYTHON_EXECUTABLE: /usr/bin/python3
[2.611s] -- Using PYTHON_INCLUDE_DIRS: /usr/include/python3.10
[2.611s] -- Using PYTHON_LIBRARIES: /usr/lib/x86_64-linux-gnu/libpython3.10.so
[2.629s] -- Found PythonExtra: .so  
[2.684s] -- Configuring done
[2.749s] -- Generating done
[2.752s] -- Build files have been written to: /home/local-planner/ros2_ws/build/turtlesim
[2.762s] Invoked command in '/home/local-planner/ros2_ws/build/turtlesim' returned '0': CMAKE_PREFIX_PATH=/opt/ros/humble /usr/bin/cmake /home/local-planner/ros2_ws/src/ros_tutorials/turtlesim -DCMAKE_INSTALL_PREFIX=/home/local-planner/ros2_ws/install/turtlesim
[2.763s] Invoking command in '/home/local-planner/ros2_ws/build/turtlesim': CMAKE_PREFIX_PATH=/opt/ros/humble /usr/bin/cmake --build /home/local-planner/ros2_ws/build/turtlesim -- -j32 -l32
[2.807s] [  1%] [34m[1mGenerating C code for ROS interfaces[0m
[2.817s] [  2%] [34m[1mGenerating C++ code for ROS interfaces[0m
[2.826s] [  2%] Built target ament_cmake_python_copy_turtlesim
[3.078s] running egg_info
[3.078s] creating turtlesim.egg-info
[3.078s] writing turtlesim.egg-info/PKG-INFO
[3.079s] writing dependency_links to turtlesim.egg-info/dependency_links.txt
[3.079s] writing top-level names to turtlesim.egg-info/top_level.txt
[3.079s] writing manifest file 'turtlesim.egg-info/SOURCES.txt'
[3.081s] reading manifest file 'turtlesim.egg-info/SOURCES.txt'
[3.082s] writing manifest file 'turtlesim.egg-info/SOURCES.txt'
[3.111s] [  2%] Built target ament_cmake_python_build_turtlesim_egg
[3.828s] [  2%] Built target turtlesim__cpp
[3.844s] [  3%] [34m[1mGenerating C++ type support dispatch for ROS interfaces[0m
[3.846s] [  4%] [34m[1mGenerating C++ introspection for ROS interfaces[0m
[3.846s] [  5%] [34m[1mGenerating C++ type support for eProsima Fast-RTPS[0m
[3.886s] [  6%] [32mBuilding C object CMakeFiles/turtlesim__rosidl_generator_c.dir/rosidl_generator_c/turtlesim/action/detail/rotate_absolute__functions.c.o[0m
[3.887s] [  9%] [32mBuilding C object CMakeFiles/turtlesim__rosidl_generator_c.dir/rosidl_generator_c/turtlesim/srv/detail/kill__functions.c.o[0m
[3.887s] [  9%] [32mBuilding C object CMakeFiles/turtlesim__rosidl_generator_c.dir/rosidl_generator_c/turtlesim/msg/detail/pose__functions.c.o[0m
[3.888s] [ 10%] [32mBuilding C object CMakeFiles/turtlesim__rosidl_generator_c.dir/rosidl_generator_c/turtlesim/srv/detail/set_pen__functions.c.o[0m
[3.889s] [  9%] [32mBuilding C object CMakeFiles/turtlesim__rosidl_generator_c.dir/rosidl_generator_c/turtlesim/msg/detail/color__functions.c.o[0m
[3.891s] [ 11%] [32mBuilding C object CMakeFiles/turtlesim__rosidl_generator_c.dir/rosidl_generator_c/turtlesim/srv/detail/spawn__functions.c.o[0m
[3.891s] [ 13%] [32mBuilding C object CMakeFiles/turtlesim__rosidl_generator_c.dir/rosidl_generator_c/turtlesim/srv/detail/teleport_absolute__functions.c.o[0m
[3.892s] [ 13%] [32mBuilding C object CMakeFiles/turtlesim__rosidl_generator_c.dir/rosidl_generator_c/turtlesim/srv/detail/teleport_relative__functions.c.o[0m
[4.104s] [ 14%] [32m[1mLinking C shared library libturtlesim__rosidl_generator_c.so[0m
[4.154s] [ 14%] Built target turtlesim__rosidl_generator_c
[4.167s] [ 15%] [34m[1mGenerating C type support for eProsima Fast-RTPS[0m
[4.168s] [ 17%] [34m[1mGenerating C introspection for ROS interfaces[0m
[4.168s] [ 17%] [34m[1mGenerating C type support dispatch for ROS interfaces[0m
[4.530s] [ 18%] [32mBuilding CXX object CMakeFiles/turtlesim__rosidl_typesupport_cpp.dir/rosidl_typesupport_cpp/turtlesim/action/rotate_absolute__type_support.cpp.o[0m
[4.531s] [ 19%] [32mBuilding CXX object CMakeFiles/turtlesim__rosidl_typesupport_cpp.dir/rosidl_typesupport_cpp/turtlesim/msg/pose__type_support.cpp.o[0m
[4.531s] [ 20%] [32mBuilding CXX object CMakeFiles/turtlesim__rosidl_typesupport_cpp.dir/rosidl_typesupport_cpp/turtlesim/srv/kill__type_support.cpp.o[0m
[4.532s] [ 21%] [32mBuilding CXX object CMakeFiles/turtlesim__rosidl_typesupport_cpp.dir/rosidl_typesupport_cpp/turtlesim/srv/set_pen__type_support.cpp.o[0m
[4.533s] [ 22%] [32mBuilding CXX object CMakeFiles/turtlesim__rosidl_typesupport_cpp.dir/rosidl_typesupport_cpp/turtlesim/msg/color__type_support.cpp.o[0m
[4.534s] [ 24%] [32mBuilding CXX object CMakeFiles/turtlesim__rosidl_typesupport_cpp.dir/rosidl_typesupport_cpp/turtlesim/srv/spawn__type_support.cpp.o[0m
[4.534s] [ 24%] [32mBuilding CXX object CMakeFiles/turtlesim__rosidl_typesupport_cpp.dir/rosidl_typesupport_cpp/turtlesim/srv/teleport_absolute__type_support.cpp.o[0m
[4.536s] [ 25%] [32mBuilding CXX object CMakeFiles/turtlesim__rosidl_typesupport_cpp.dir/rosidl_typesupport_cpp/turtlesim/srv/teleport_relative__type_support.cpp.o[0m
[4.699s] [ 26%] [32mBuilding CXX object CMakeFiles/turtlesim__rosidl_typesupport_introspection_cpp.dir/rosidl_typesupport_introspection_cpp/turtlesim/action/detail/rotate_absolute__type_support.cpp.o[0m
[4.700s] [ 27%] [32mBuilding CXX object CMakeFiles/turtlesim__rosidl_typesupport_introspection_cpp.dir/rosidl_typesupport_introspection_cpp/turtlesim/msg/detail/color__type_support.cpp.o[0m
[4.702s] [ 28%] [32mBuilding CXX object CMakeFiles/turtlesim__rosidl_typesupport_introspection_cpp.dir/rosidl_typesupport_introspection_cpp/turtlesim/msg/detail/pose__type_support.cpp.o[0m
[4.703s] [ 29%] [32mBuilding CXX object CMakeFiles/turtlesim__rosidl_typesupport_introspection_cpp.dir/rosidl_typesupport_introspection_cpp/turtlesim/srv/detail/spawn__type_support.cpp.o[0m
[4.703s] [ 30%] [32mBuilding CXX object CMakeFiles/turtlesim__rosidl_typesupport_introspection_cpp.dir/rosidl_typesupport_introspection_cpp/turtlesim/srv/detail/kill__type_support.cpp.o[0m
[4.704s] [ 31%] [32mBuilding CXX object CMakeFiles/turtlesim__rosidl_typesupport_introspection_cpp.dir/rosidl_typesupport_introspection_cpp/turtlesim/srv/detail/teleport_absolute__type_support.cpp.o[0m
[4.705s] [ 32%] [32mBuilding CXX object CMakeFiles/turtlesim__rosidl_typesupport_introspection_cpp.dir/rosidl_typesupport_introspection_cpp/turtlesim/srv/detail/teleport_relative__type_support.cpp.o[0m
[4.705s] [ 33%] [32mBuilding CXX object CMakeFiles/turtlesim__rosidl_typesupport_introspection_cpp.dir/rosidl_typesupport_introspection_cpp/turtlesim/srv/detail/set_pen__type_support.cpp.o[0m
[4.857s] [ 34%] [32mBuilding CXX object CMakeFiles/turtlesim__rosidl_typesupport_c.dir/rosidl_typesupport_c/turtlesim/srv/set_pen__type_support.cpp.o[0m
[4.857s] [ 38%] [32mBuilding CXX object CMakeFiles/turtlesim__rosidl_typesupport_c.dir/rosidl_typesupport_c/turtlesim/srv/kill__type_support.cpp.o[0m
[4.857s] [ 38%] [32mBuilding CXX object CMakeFiles/turtlesim__rosidl_typesupport_c.dir/rosidl_typesupport_c/turtlesim/action/rotate_absolute__type_support.cpp.o[0m
[4.857s] [ 38%] [32mBuilding CXX object CMakeFiles/turtlesim__rosidl_typesupport_c.dir/rosidl_typesupport_c/turtlesim/msg/color__type_support.cpp.o[0m
[4.859s] [ 38%] [32mBuilding CXX object CMakeFiles/turtlesim__rosidl_typesupport_c.dir/rosidl_typesupport_c/turtlesim/msg/pose__type_support.cpp.o[0m
[4.860s] [ 40%] [32mBuilding CXX object CMakeFiles/turtlesim__rosidl_typesupport_c.dir/rosidl_typesupport_c/turtlesim/srv/spawn__type_support.cpp.o[0m
[4.861s] [ 40%] [32mBuilding CXX object CMakeFiles/turtlesim__rosidl_typesupport_c.dir/rosidl_typesupport_c/turtlesim/srv/teleport_absolute__type_support.cpp.o[0m
[4.861s] [ 41%] [32mBuilding CXX object CMakeFiles/turtlesim__rosidl_typesupport_c.dir/rosidl_typesupport_c/turtlesim/srv/teleport_relative__type_support.cpp.o[0m
[4.967s] [ 42%] [32m[1mLinking CXX shared library libturtlesim__rosidl_typesupport_c.so[0m
[4.989s] [ 43%] [32mBuilding CXX object CMakeFiles/turtlesim__rosidl_typesupport_fastrtps_cpp.dir/rosidl_typesupport_fastrtps_cpp/turtlesim/msg/detail/dds_fastrtps/color__type_support.cpp.o[0m
[4.989s] [ 44%] [32mBuilding CXX object CMakeFiles/turtlesim__rosidl_typesupport_fastrtps_cpp.dir/rosidl_typesupport_fastrtps_cpp/turtlesim/action/detail/dds_fastrtps/rotate_absolute__type_support.cpp.o[0m
[4.990s] [ 46%] [32mBuilding CXX object CMakeFiles/turtlesim__rosidl_typesupport_fastrtps_cpp.dir/rosidl_typesupport_fastrtps_cpp/turtlesim/msg/detail/dds_fastrtps/pose__type_support.cpp.o[0m
[4.991s] [ 47%] [32mBuilding CXX object CMakeFiles/turtlesim__rosidl_typesupport_fastrtps_cpp.dir/rosidl_typesupport_fastrtps_cpp/turtlesim/srv/detail/dds_fastrtps/kill__type_support.cpp.o[0m
[4.991s] [ 47%] [32mBuilding CXX object CMakeFiles/turtlesim__rosidl_typesupport_fastrtps_cpp.dir/rosidl_typesupport_fastrtps_cpp/turtlesim/srv/detail/dds_fastrtps/set_pen__type_support.cpp.o[0m
[4.992s] [ 48%] [32mBuilding CXX object CMakeFiles/turtlesim__rosidl_typesupport_fastrtps_cpp.dir/rosidl_typesupport_fastrtps_cpp/turtlesim/srv/detail/dds_fastrtps/teleport_absolute__type_support.cpp.o[0m
[4.995s] [ 50%] [32mBuilding CXX object CMakeFiles/turtlesim__rosidl_typesupport_fastrtps_cpp.dir/rosidl_typesupport_fastrtps_cpp/turtlesim/srv/detail/dds_fastrtps/teleport_relative__type_support.cpp.o[0m
[4.996s] [ 50%] [32mBuilding CXX object CMakeFiles/turtlesim__rosidl_typesupport_fastrtps_cpp.dir/rosidl_typesupport_fastrtps_cpp/turtlesim/srv/detail/dds_fastrtps/spawn__type_support.cpp.o[0m
[5.056s] [ 50%] Built target turtlesim__rosidl_typesupport_c
[5.323s] [ 51%] [32m[1mLinking CXX shared library libturtlesim__rosidl_typesupport_cpp.so[0m
[5.349s] [ 52%] [32mBuilding C object CMakeFiles/turtlesim__rosidl_typesupport_introspection_c.dir/rosidl_typesupport_introspection_c/turtlesim/msg/detail/pose__type_support.c.o[0m
[5.351s] [ 53%] [32mBuilding C object CMakeFiles/turtlesim__rosidl_typesupport_introspection_c.dir/rosidl_typesupport_introspection_c/turtlesim/action/detail/rotate_absolute__type_support.c.o[0m
[5.351s] [ 54%] [32mBuilding C object CMakeFiles/turtlesim__rosidl_typesupport_introspection_c.dir/rosidl_typesupport_introspection_c/turtlesim/msg/detail/color__type_support.c.o[0m
[5.352s] [ 56%] [32mBuilding C object CMakeFiles/turtlesim__rosidl_typesupport_introspection_c.dir/rosidl_typesupport_introspection_c/turtlesim/srv/detail/kill__type_support.c.o[0m
[5.352s] [ 56%] [32mBuilding C object CMakeFiles/turtlesim__rosidl_typesupport_introspection_c.dir/rosidl_typesupport_introspection_c/turtlesim/srv/detail/set_pen__type_support.c.o[0m
[5.353s] [ 57%] [32mBuilding C object CMakeFiles/turtlesim__rosidl_typesupport_introspection_c.dir/rosidl_typesupport_introspection_c/turtlesim/srv/detail/spawn__type_support.c.o[0m
[5.354s] [ 58%] [32mBuilding C object CMakeFiles/turtlesim__rosidl_typesupport_introspection_c.dir/rosidl_typesupport_introspection_c/turtlesim/srv/detail/teleport_relative__type_support.c.o[0m
[5.355s] [ 59%] [32mBuilding C object CMakeFiles/turtlesim__rosidl_typesupport_introspection_c.dir/rosidl_typesupport_introspection_c/turtlesim/srv/detail/teleport_absolute__type_support.c.o[0m
[5.385s] [ 59%] Built target turtlesim__rosidl_typesupport_cpp
[5.400s] [ 60%] [34m[1mGenerating include/turtlesim/moc_turtle_frame.cpp[0m
[5.420s] [ 61%] [32mBuilding CXX object CMakeFiles/turtle_teleop_key.dir/tutorials/teleop_turtle_key.cpp.o[0m
[5.421s] [ 62%] [32mBuilding CXX object CMakeFiles/mimic.dir/tutorials/mimic.cpp.o[0m
[5.421s] [ 63%] [32mBuilding CXX object CMakeFiles/draw_square.dir/tutorials/draw_square.cpp.o[0m
[5.452s] [ 64%] [32m[1mLinking C shared library libturtlesim__rosidl_typesupport_introspection_c.so[0m
[5.484s] [ 65%] [32mBuilding CXX object CMakeFiles/turtlesim__rosidl_typesupport_fastrtps_c.dir/rosidl_typesupport_fastrtps_c/turtlesim/action/detail/rotate_absolute__type_support_c.cpp.o[0m
[5.486s] [ 66%] [32mBuilding CXX object CMakeFiles/turtlesim__rosidl_typesupport_fastrtps_c.dir/rosidl_typesupport_fastrtps_c/turtlesim/msg/detail/pose__type_support_c.cpp.o[0m
[5.487s] [ 68%] [32mBuilding CXX object CMakeFiles/turtlesim__rosidl_typesupport_fastrtps_c.dir/rosidl_typesupport_fastrtps_c/turtlesim/srv/detail/kill__type_support_c.cpp.o[0m
[5.487s] [ 69%] [32mBuilding CXX object CMakeFiles/turtlesim__rosidl_typesupport_fastrtps_c.dir/rosidl_typesupport_fastrtps_c/turtlesim/msg/detail/color__type_support_c.cpp.o[0m
[5.487s] [ 69%] [32mBuilding CXX object CMakeFiles/turtlesim__rosidl_typesupport_fastrtps_c.dir/rosidl_typesupport_fastrtps_c/turtlesim/srv/detail/set_pen__type_support_c.cpp.o[0m
[5.488s] [ 71%] [32mBuilding CXX object CMakeFiles/turtlesim__rosidl_typesupport_fastrtps_c.dir/rosidl_typesupport_fastrtps_c/turtlesim/srv/detail/teleport_absolute__type_support_c.cpp.o[0m
[5.488s] [ 71%] [32mBuilding CXX object CMakeFiles/turtlesim__rosidl_typesupport_fastrtps_c.dir/rosidl_typesupport_fastrtps_c/turtlesim/srv/detail/spawn__type_support_c.cpp.o[0m
[5.488s] [ 72%] [32mBuilding CXX object CMakeFiles/turtlesim__rosidl_typesupport_fastrtps_c.dir/rosidl_typesupport_fastrtps_c/turtlesim/srv/detail/teleport_relative__type_support_c.cpp.o[0m
[5.521s] [ 72%] Built target turtlesim__rosidl_typesupport_introspection_c
[5.522s] [ 73%] [32mBuilding CXX object CMakeFiles/turtlesim_node.dir/src/turtlesim.cpp.o[0m
[5.525s] [ 75%] [32mBuilding CXX object CMakeFiles/turtlesim_node.dir/include/turtlesim/moc_turtle_frame.cpp.o[0m
[5.526s] [ 76%] [32mBuilding CXX object CMakeFiles/turtlesim_node.dir/src/turtle_frame.cpp.o[0m
[5.526s] [ 76%] [32mBuilding CXX object CMakeFiles/turtlesim_node.dir/src/turtle.cpp.o[0m
[5.910s] [ 77%] [32m[1mLinking CXX shared library libturtlesim__rosidl_typesupport_introspection_cpp.so[0m
[6.047s] [ 77%] Built target turtlesim__rosidl_typesupport_introspection_cpp
[6.104s] [ 78%] [32m[1mLinking CXX shared library libturtlesim__rosidl_typesupport_fastrtps_cpp.so[0m
[6.215s] [ 78%] Built target turtlesim__rosidl_typesupport_fastrtps_cpp
[6.280s] [ 79%] [32m[1mLinking CXX shared library libturtlesim__rosidl_typesupport_fastrtps_c.so[0m
[6.390s] [ 79%] Built target turtlesim__rosidl_typesupport_fastrtps_c
[6.416s] [ 79%] Built target turtlesim
[6.444s] [ 80%] [34m[1mGenerating Python code for ROS interfaces[0m
[8.711s] [ 80%] Built target turtlesim__py
[8.741s] [ 81%] [32mBuilding C object CMakeFiles/turtlesim__rosidl_generator_py.dir/rosidl_generator_py/turtlesim/action/_rotate_absolute_s.c.o[0m
[8.745s] [ 82%] [32mBuilding C object CMakeFiles/turtlesim__rosidl_generator_py.dir/rosidl_generator_py/turtlesim/msg/_color_s.c.o[0m
[8.746s] [ 84%] [32mBuilding C object CMakeFiles/turtlesim__rosidl_generator_py.dir/rosidl_generator_py/turtlesim/msg/_pose_s.c.o[0m
[8.746s] [ 84%] [32mBuilding C object CMakeFiles/turtlesim__rosidl_generator_py.dir/rosidl_generator_py/turtlesim/srv/_kill_s.c.o[0m
[8.747s] [ 86%] [32mBuilding C object CMakeFiles/turtlesim__rosidl_generator_py.dir/rosidl_generator_py/turtlesim/srv/_set_pen_s.c.o[0m
[8.747s] [ 86%] [32mBuilding C object CMakeFiles/turtlesim__rosidl_generator_py.dir/rosidl_generator_py/turtlesim/srv/_spawn_s.c.o[0m
[8.748s] [ 88%] [32mBuilding C object CMakeFiles/turtlesim__rosidl_generator_py.dir/rosidl_generator_py/turtlesim/srv/_teleport_absolute_s.c.o[0m
[8.748s] [ 88%] [32mBuilding C object CMakeFiles/turtlesim__rosidl_generator_py.dir/rosidl_generator_py/turtlesim/srv/_teleport_relative_s.c.o[0m
[8.999s] [ 89%] [32m[1mLinking C shared library rosidl_generator_py/turtlesim/libturtlesim__rosidl_generator_py.so[0m
[9.060s] [ 89%] Built target turtlesim__rosidl_generator_py
[9.088s] [ 90%] [32mBuilding C object CMakeFiles/turtlesim__rosidl_typesupport_fastrtps_c__pyext.dir/rosidl_generator_py/turtlesim/_turtlesim_s.ep.rosidl_typesupport_fastrtps_c.c.o[0m
[9.098s] [ 91%] [32mBuilding C object CMakeFiles/turtlesim__rosidl_typesupport_c__pyext.dir/rosidl_generator_py/turtlesim/_turtlesim_s.ep.rosidl_typesupport_c.c.o[0m
[9.099s] [ 92%] [32mBuilding C object CMakeFiles/turtlesim__rosidl_typesupport_introspection_c__pyext.dir/rosidl_generator_py/turtlesim/_turtlesim_s.ep.rosidl_typesupport_introspection_c.c.o[0m
[9.328s] [ 93%] [32m[1mLinking C shared library rosidl_generator_py/turtlesim/turtlesim_s__rosidl_typesupport_fastrtps_c.cpython-310-x86_64-linux-gnu.so[0m
[9.383s] [ 93%] Built target turtlesim__rosidl_typesupport_fastrtps_c__pyext
[9.409s] [ 94%] [32m[1mLinking C shared library rosidl_generator_py/turtlesim/turtlesim_s__rosidl_typesupport_introspection_c.cpython-310-x86_64-linux-gnu.so[0m
[9.418s] [ 95%] [32m[1mLinking C shared library rosidl_generator_py/turtlesim/turtlesim_s__rosidl_typesupport_c.cpython-310-x86_64-linux-gnu.so[0m
[9.465s] [ 95%] Built target turtlesim__rosidl_typesupport_introspection_c__pyext
[9.487s] [ 95%] Built target turtlesim__rosidl_typesupport_c__pyext
[13.762s] [ 96%] [32m[1mLinking CXX executable turtle_teleop_key[0m
[14.117s] [ 96%] Built target turtle_teleop_key
[17.110s] [ 97%] [32m[1mLinking CXX executable mimic[0m
[17.674s] [ 97%] Built target mimic
[17.747s] [ 98%] [32m[1mLinking CXX executable draw_square[0m
[18.342s] [ 98%] Built target draw_square
[21.060s] [100%] [32m[1mLinking CXX executable turtlesim_node[0m
[22.863s] [100%] Built target turtlesim_node
[22.878s] Invoked command in '/home/local-planner/ros2_ws/build/turtlesim' returned '0': CMAKE_PREFIX_PATH=/opt/ros/humble /usr/bin/cmake --build /home/local-planner/ros2_ws/build/turtlesim -- -j32 -l32
[23.112s] Invoking command in '/home/local-planner/ros2_ws/build/turtlesim': CMAKE_PREFIX_PATH=/opt/ros/humble /usr/bin/cmake --install /home/local-planner/ros2_ws/build/turtlesim
[23.121s] -- Install configuration: ""
[23.121s] -- Installing: /home/local-planner/ros2_ws/install/turtlesim/share/ament_index/resource_index/rosidl_interfaces/turtlesim
[23.121s] -- Installing: /home/local-planner/ros2_ws/install/turtlesim/include/turtlesim/turtlesim
[23.122s] -- Installing: /home/local-planner/ros2_ws/install/turtlesim/include/turtlesim/turtlesim/msg
[23.122s] -- Installing: /home/local-planner/ros2_ws/install/turtlesim/include/turtlesim/turtlesim/msg/rosidl_generator_c__visibility_control.h
[23.123s] -- Installing: /home/local-planner/ros2_ws/install/turtlesim/include/turtlesim/turtlesim/msg/color.h
[23.123s] -- Installing: /home/local-planner/ros2_ws/install/turtlesim/include/turtlesim/turtlesim/msg/pose.h
[23.123s] -- Installing: /home/local-planner/ros2_ws/install/turtlesim/include/turtlesim/turtlesim/msg/detail
[23.123s] -- Installing: /home/local-planner/ros2_ws/install/turtlesim/include/turtlesim/turtlesim/msg/detail/color__functions.h
[23.123s] -- Installing: /home/local-planner/ros2_ws/install/turtlesim/include/turtlesim/turtlesim/msg/detail/color__functions.c
[23.123s] -- Installing: /home/local-planner/ros2_ws/install/turtlesim/include/turtlesim/turtlesim/msg/detail/pose__functions.c
[23.123s] -- Installing: /home/local-planner/ros2_ws/install/turtlesim/include/turtlesim/turtlesim/msg/detail/color__struct.h
[23.123s] -- Installing: /home/local-planner/ros2_ws/install/turtlesim/include/turtlesim/turtlesim/msg/detail/pose__functions.h
[23.123s] -- Installing: /home/local-planner/ros2_ws/install/turtlesim/include/turtlesim/turtlesim/msg/detail/pose__type_support.h
[23.123s] -- Installing: /home/local-planner/ros2_ws/install/turtlesim/include/turtlesim/turtlesim/msg/detail/color__type_support.h
[23.123s] -- Installing: /home/local-planner/ros2_ws/install/turtlesim/include/turtlesim/turtlesim/msg/detail/pose__struct.h
[23.124s] -- Installing: /home/local-planner/ros2_ws/install/turtlesim/include/turtlesim/turtlesim/srv
[23.124s] -- Installing: /home/local-planner/ros2_ws/install/turtlesim/include/turtlesim/turtlesim/srv/set_pen.h
[23.124s] -- Installing: /home/local-planner/ros2_ws/install/turtlesim/include/turtlesim/turtlesim/srv/spawn.h
[23.124s] -- Installing: /home/local-planner/ros2_ws/install/turtlesim/include/turtlesim/turtlesim/srv/teleport_relative.h
[23.124s] -- Installing: /home/local-planner/ros2_ws/install/turtlesim/include/turtlesim/turtlesim/srv/kill.h
[23.124s] -- Installing: /home/local-planner/ros2_ws/install/turtlesim/include/turtlesim/turtlesim/srv/teleport_absolute.h
[23.124s] -- Installing: /home/local-planner/ros2_ws/install/turtlesim/include/turtlesim/turtlesim/srv/detail
[23.124s] -- Installing: /home/local-planner/ros2_ws/install/turtlesim/include/turtlesim/turtlesim/srv/detail/spawn__functions.c
[23.124s] -- Installing: /home/local-planner/ros2_ws/install/turtlesim/include/turtlesim/turtlesim/srv/detail/teleport_relative__functions.h
[23.124s] -- Installing: /home/local-planner/ros2_ws/install/turtlesim/include/turtlesim/turtlesim/srv/detail/spawn__functions.h
[23.124s] -- Installing: /home/local-planner/ros2_ws/install/turtlesim/include/turtlesim/turtlesim/srv/detail/spawn__struct.h
[23.124s] -- Installing: /home/local-planner/ros2_ws/install/turtlesim/include/turtlesim/turtlesim/srv/detail/teleport_relative__type_support.h
[23.125s] -- Installing: /home/local-planner/ros2_ws/install/turtlesim/include/turtlesim/turtlesim/srv/detail/set_pen__struct.h
[23.125s] -- Installing: /home/local-planner/ros2_ws/install/turtlesim/include/turtlesim/turtlesim/srv/detail/kill__struct.h
[23.125s] -- Installing: /home/local-planner/ros2_ws/install/turtlesim/include/turtlesim/turtlesim/srv/detail/spawn__type_support.h
[23.125s] -- Installing: /home/local-planner/ros2_ws/install/turtlesim/include/turtlesim/turtlesim/srv/detail/kill__functions.c
[23.125s] -- Installing: /home/local-planner/ros2_ws/install/turtlesim/include/turtlesim/turtlesim/srv/detail/set_pen__type_support.h
[23.125s] -- Installing: /home/local-planner/ros2_ws/install/turtlesim/include/turtlesim/turtlesim/srv/detail/teleport_absolute__type_support.h
[23.125s] -- Installing: /home/local-planner/ros2_ws/install/turtlesim/include/turtlesim/turtlesim/srv/detail/teleport_absolute__functions.h
[23.125s] -- Installing: /home/local-planner/ros2_ws/install/turtlesim/include/turtlesim/turtlesim/srv/detail/kill__functions.h
[23.125s] -- Installing: /home/local-planner/ros2_ws/install/turtlesim/include/turtlesim/turtlesim/srv/detail/set_pen__functions.c
[23.125s] -- Installing: /home/local-planner/ros2_ws/install/turtlesim/include/turtlesim/turtlesim/srv/detail/teleport_absolute__struct.h
[23.125s] -- Installing: /home/local-planner/ros2_ws/install/turtlesim/include/turtlesim/turtlesim/srv/detail/teleport_relative__functions.c
[23.125s] -- Installing: /home/local-planner/ros2_ws/install/turtlesim/include/turtlesim/turtlesim/srv/detail/teleport_absolute__functions.c
[23.125s] -- Installing: /home/local-planner/ros2_ws/install/turtlesim/include/turtlesim/turtlesim/srv/detail/set_pen__functions.h
[23.125s] -- Installing: /home/local-planner/ros2_ws/install/turtlesim/include/turtlesim/turtlesim/srv/detail/teleport_relative__struct.h
[23.125s] -- Installing: /home/local-planner/ros2_ws/install/turtlesim/include/turtlesim/turtlesim/srv/detail/kill__type_support.h
[23.126s] -- Installing: /home/local-planner/ros2_ws/install/turtlesim/include/turtlesim/turtlesim/action
[23.126s] -- Installing: /home/local-planner/ros2_ws/install/turtlesim/include/turtlesim/turtlesim/action/detail
[23.126s] -- Installing: /home/local-planner/ros2_ws/install/turtlesim/include/turtlesim/turtlesim/action/detail/rotate_absolute__functions.c
[23.126s] -- Installing: /home/local-planner/ros2_ws/install/turtlesim/include/turtlesim/turtlesim/action/detail/rotate_absolute__struct.h
[23.126s] -- Installing: /home/local-planner/ros2_ws/install/turtlesim/include/turtlesim/turtlesim/action/detail/rotate_absolute__type_support.h
[23.126s] -- Installing: /home/local-planner/ros2_ws/install/turtlesim/include/turtlesim/turtlesim/action/detail/rotate_absolute__functions.h
[23.126s] -- Installing: /home/local-planner/ros2_ws/install/turtlesim/include/turtlesim/turtlesim/action/rotate_absolute.h
[23.126s] -- Installing: /home/local-planner/ros2_ws/install/turtlesim/share/turtlesim/environment/library_path.sh
[23.126s] -- Installing: /home/local-planner/ros2_ws/install/turtlesim/share/turtlesim/environment/library_path.dsv
[23.126s] -- Installing: /home/local-planner/ros2_ws/install/turtlesim/lib/libturtlesim__rosidl_generator_c.so
[23.126s] -- Set runtime path of "/home/local-planner/ros2_ws/install/turtlesim/lib/libturtlesim__rosidl_generator_c.so" to ""
[23.126s] -- Up-to-date: /home/local-planner/ros2_ws/install/turtlesim/include/turtlesim/turtlesim
[23.126s] -- Up-to-date: /home/local-planner/ros2_ws/install/turtlesim/include/turtlesim/turtlesim/msg
[23.126s] -- Installing: /home/local-planner/ros2_ws/install/turtlesim/include/turtlesim/turtlesim/msg/rosidl_typesupport_fastrtps_c__visibility_control.h
[23.127s] -- Up-to-date: /home/local-planner/ros2_ws/install/turtlesim/include/turtlesim/turtlesim/msg/detail
[23.127s] -- Installing: /home/local-planner/ros2_ws/install/turtlesim/include/turtlesim/turtlesim/msg/detail/pose__rosidl_typesupport_fastrtps_c.h
[23.127s] -- Installing: /home/local-planner/ros2_ws/install/turtlesim/include/turtlesim/turtlesim/msg/detail/color__rosidl_typesupport_fastrtps_c.h
[23.127s] -- Up-to-date: /home/local-planner/ros2_ws/install/turtlesim/include/turtlesim/turtlesim/srv
[23.127s] -- Up-to-date: /home/local-planner/ros2_ws/install/turtlesim/include/turtlesim/turtlesim/srv/detail
[23.127s] -- Installing: /home/local-planner/ros2_ws/install/turtlesim/include/turtlesim/turtlesim/srv/detail/kill__rosidl_typesupport_fastrtps_c.h
[23.127s] -- Installing: /home/local-planner/ros2_ws/install/turtlesim/include/turtlesim/turtlesim/srv/detail/set_pen__rosidl_typesupport_fastrtps_c.h
[23.127s] -- Installing: /home/local-planner/ros2_ws/install/turtlesim/include/turtlesim/turtlesim/srv/detail/spawn__rosidl_typesupport_fastrtps_c.h
[23.127s] -- Installing: /home/local-planner/ros2_ws/install/turtlesim/include/turtlesim/turtlesim/srv/detail/teleport_relative__rosidl_typesupport_fastrtps_c.h
[23.127s] -- Installing: /home/local-planner/ros2_ws/install/turtlesim/include/turtlesim/turtlesim/srv/detail/teleport_absolute__rosidl_typesupport_fastrtps_c.h
[23.127s] -- Up-to-date: /home/local-planner/ros2_ws/install/turtlesim/include/turtlesim/turtlesim/action
[23.127s] -- Up-to-date: /home/local-planner/ros2_ws/install/turtlesim/include/turtlesim/turtlesim/action/detail
[23.127s] -- Installing: /home/local-planner/ros2_ws/install/turtlesim/include/turtlesim/turtlesim/action/detail/rotate_absolute__rosidl_typesupport_fastrtps_c.h
[23.127s] -- Installing: /home/local-planner/ros2_ws/install/turtlesim/lib/libturtlesim__rosidl_typesupport_fastrtps_c.so
[23.127s] -- Set runtime path of "/home/local-planner/ros2_ws/install/turtlesim/lib/libturtlesim__rosidl_typesupport_fastrtps_c.so" to ""
[23.128s] -- Up-to-date: /home/local-planner/ros2_ws/install/turtlesim/include/turtlesim/turtlesim
[23.128s] -- Up-to-date: /home/local-planner/ros2_ws/install/turtlesim/include/turtlesim/turtlesim/msg
[23.128s] -- Installing: /home/local-planner/ros2_ws/install/turtlesim/include/turtlesim/turtlesim/msg/pose.hpp
[23.128s] -- Installing: /home/local-planner/ros2_ws/install/turtlesim/include/turtlesim/turtlesim/msg/color.hpp
[23.128s] -- Up-to-date: /home/local-planner/ros2_ws/install/turtlesim/include/turtlesim/turtlesim/msg/detail
[23.128s] -- Installing: /home/local-planner/ros2_ws/install/turtlesim/include/turtlesim/turtlesim/msg/detail/pose__builder.hpp
[23.128s] -- Installing: /home/local-planner/ros2_ws/install/turtlesim/include/turtlesim/turtlesim/msg/detail/pose__struct.hpp
[23.128s] -- Installing: /home/local-planner/ros2_ws/install/turtlesim/include/turtlesim/turtlesim/msg/detail/color__struct.hpp
[23.128s] -- Installing: /home/local-planner/ros2_ws/install/turtlesim/include/turtlesim/turtlesim/msg/detail/color__traits.hpp
[23.128s] -- Installing: /home/local-planner/ros2_ws/install/turtlesim/include/turtlesim/turtlesim/msg/detail/pose__traits.hpp
[23.128s] -- Installing: /home/local-planner/ros2_ws/install/turtlesim/include/turtlesim/turtlesim/msg/detail/color__builder.hpp
[23.128s] -- Up-to-date: /home/local-planner/ros2_ws/install/turtlesim/include/turtlesim/turtlesim/srv
[23.129s] -- Installing: /home/local-planner/ros2_ws/install/turtlesim/include/turtlesim/turtlesim/srv/teleport_absolute.hpp
[23.129s] -- Installing: /home/local-planner/ros2_ws/install/turtlesim/include/turtlesim/turtlesim/srv/spawn.hpp
[23.129s] -- Installing: /home/local-planner/ros2_ws/install/turtlesim/include/turtlesim/turtlesim/srv/kill.hpp
[23.129s] -- Installing: /home/local-planner/ros2_ws/install/turtlesim/include/turtlesim/turtlesim/srv/set_pen.hpp
[23.129s] -- Installing: /home/local-planner/ros2_ws/install/turtlesim/include/turtlesim/turtlesim/srv/teleport_relative.hpp
[23.129s] -- Up-to-date: /home/local-planner/ros2_ws/install/turtlesim/include/turtlesim/turtlesim/srv/detail
[23.129s] -- Installing: /home/local-planner/ros2_ws/install/turtlesim/include/turtlesim/turtlesim/srv/detail/teleport_absolute__builder.hpp
[23.129s] -- Installing: /home/local-planner/ros2_ws/install/turtlesim/include/turtlesim/turtlesim/srv/detail/spawn__traits.hpp
[23.129s] -- Installing: /home/local-planner/ros2_ws/install/turtlesim/include/turtlesim/turtlesim/srv/detail/set_pen__builder.hpp
[23.129s] -- Installing: /home/local-planner/ros2_ws/install/turtlesim/include/turtlesim/turtlesim/srv/detail/spawn__struct.hpp
[23.129s] -- Installing: /home/local-planner/ros2_ws/install/turtlesim/include/turtlesim/turtlesim/srv/detail/teleport_relative__traits.hpp
[23.129s] -- Installing: /home/local-planner/ros2_ws/install/turtlesim/include/turtlesim/turtlesim/srv/detail/teleport_relative__builder.hpp
[23.129s] -- Installing: /home/local-planner/ros2_ws/install/turtlesim/include/turtlesim/turtlesim/srv/detail/kill__traits.hpp
[23.130s] -- Installing: /home/local-planner/ros2_ws/install/turtlesim/include/turtlesim/turtlesim/srv/detail/teleport_relative__struct.hpp
[23.130s] -- Installing: /home/local-planner/ros2_ws/install/turtlesim/include/turtlesim/turtlesim/srv/detail/kill__builder.hpp
[23.130s] -- Installing: /home/local-planner/ros2_ws/install/turtlesim/include/turtlesim/turtlesim/srv/detail/set_pen__traits.hpp
[23.130s] -- Installing: /home/local-planner/ros2_ws/install/turtlesim/include/turtlesim/turtlesim/srv/detail/kill__struct.hpp
[23.130s] -- Installing: /home/local-planner/ros2_ws/install/turtlesim/include/turtlesim/turtlesim/srv/detail/set_pen__struct.hpp
[23.130s] -- Installing: /home/local-planner/ros2_ws/install/turtlesim/include/turtlesim/turtlesim/srv/detail/spawn__builder.hpp
[23.130s] -- Installing: /home/local-planner/ros2_ws/install/turtlesim/include/turtlesim/turtlesim/srv/detail/teleport_absolute__struct.hpp
[23.130s] -- Installing: /home/local-planner/ros2_ws/install/turtlesim/include/turtlesim/turtlesim/srv/detail/teleport_absolute__traits.hpp
[23.130s] -- Up-to-date: /home/local-planner/ros2_ws/install/turtlesim/include/turtlesim/turtlesim/action
[23.130s] -- Installing: /home/local-planner/ros2_ws/install/turtlesim/include/turtlesim/turtlesim/action/rotate_absolute.hpp
[23.130s] -- Up-to-date: /home/local-planner/ros2_ws/install/turtlesim/include/turtlesim/turtlesim/action/detail
[23.130s] -- Installing: /home/local-planner/ros2_ws/install/turtlesim/include/turtlesim/turtlesim/action/detail/rotate_absolute__builder.hpp
[23.130s] -- Installing: /home/local-planner/ros2_ws/install/turtlesim/include/turtlesim/turtlesim/action/detail/rotate_absolute__traits.hpp
[23.131s] -- Installing: /home/local-planner/ros2_ws/install/turtlesim/include/turtlesim/turtlesim/action/detail/rotate_absolute__struct.hpp
[23.131s] -- Up-to-date: /home/local-planner/ros2_ws/install/turtlesim/include/turtlesim/turtlesim
[23.131s] -- Up-to-date: /home/local-planner/ros2_ws/install/turtlesim/include/turtlesim/turtlesim/msg
[23.131s] -- Installing: /home/local-planner/ros2_ws/install/turtlesim/include/turtlesim/turtlesim/msg/rosidl_typesupport_fastrtps_cpp__visibility_control.h
[23.131s] -- Up-to-date: /home/local-planner/ros2_ws/install/turtlesim/include/turtlesim/turtlesim/msg/detail
[23.131s] -- Installing: /home/local-planner/ros2_ws/install/turtlesim/include/turtlesim/turtlesim/msg/detail/dds_fastrtps
[23.139s] -- Installing: /home/local-planner/ros2_ws/install/turtlesim/include/turtlesim/turtlesim/msg/detail/color__rosidl_typesupport_fastrtps_cpp.hpp
[23.139s] -- Installing: /home/local-planner/ros2_ws/install/turtlesim/include/turtlesim/turtlesim/msg/detail/pose__rosidl_typesupport_fastrtps_cpp.hpp
[23.140s] -- Up-to-date: /home/local-planner/ros2_ws/install/turtlesim/include/turtlesim/turtlesim/srv
[23.140s] -- Up-to-date: /home/local-planner/ros2_ws/install/turtlesim/include/turtlesim/turtlesim/srv/detail
[23.140s] -- Installing: /home/local-planner/ros2_ws/install/turtlesim/include/turtlesim/turtlesim/srv/detail/dds_fastrtps
[23.140s] -- Installing: /home/local-planner/ros2_ws/install/turtlesim/include/turtlesim/turtlesim/srv/detail/kill__rosidl_typesupport_fastrtps_cpp.hpp
[23.140s] -- Installing: /home/local-planner/ros2_ws/install/turtlesim/include/turtlesim/turtlesim/srv/detail/set_pen__rosidl_typesupport_fastrtps_cpp.hpp
[23.140s] -- Installing: /home/local-planner/ros2_ws/install/turtlesim/include/turtlesim/turtlesim/srv/detail/spawn__rosidl_typesupport_fastrtps_cpp.hpp
[23.140s] -- Installing: /home/local-planner/ros2_ws/install/turtlesim/include/turtlesim/turtlesim/srv/detail/teleport_absolute__rosidl_typesupport_fastrtps_cpp.hpp
[23.141s] -- Installing: /home/local-planner/ros2_ws/install/turtlesim/include/turtlesim/turtlesim/srv/detail/teleport_relative__rosidl_typesupport_fastrtps_cpp.hpp
[23.141s] -- Up-to-date: /home/local-planner/ros2_ws/install/turtlesim/include/turtlesim/turtlesim/action
[23.141s] -- Up-to-date: /home/local-planner/ros2_ws/install/turtlesim/include/turtlesim/turtlesim/action/detail
[23.141s] -- Installing: /home/local-planner/ros2_ws/install/turtlesim/include/turtlesim/turtlesim/action/detail/dds_fastrtps
[23.141s] -- Installing: /home/local-planner/ros2_ws/install/turtlesim/include/turtlesim/turtlesim/action/detail/rotate_absolute__rosidl_typesupport_fastrtps_cpp.hpp
[23.141s] -- Installing: /home/local-planner/ros2_ws/install/turtlesim/lib/libturtlesim__rosidl_typesupport_fastrtps_cpp.so
[23.141s] -- Set runtime path of "/home/local-planner/ros2_ws/install/turtlesim/lib/libturtlesim__rosidl_typesupport_fastrtps_cpp.so" to ""
[23.141s] -- Up-to-date: /home/local-planner/ros2_ws/install/turtlesim/include/turtlesim/turtlesim
[23.141s] -- Up-to-date: /home/local-planner/ros2_ws/install/turtlesim/include/turtlesim/turtlesim/msg
[23.142s] -- Installing: /home/local-planner/ros2_ws/install/turtlesim/include/turtlesim/turtlesim/msg/rosidl_typesupport_introspection_c__visibility_control.h
[23.142s] -- Up-to-date: /home/local-planner/ros2_ws/install/turtlesim/include/turtlesim/turtlesim/msg/detail
[23.142s] -- Installing: /home/local-planner/ros2_ws/install/turtlesim/include/turtlesim/turtlesim/msg/detail/pose__type_support.c
[23.142s] -- Installing: /home/local-planner/ros2_ws/install/turtlesim/include/turtlesim/turtlesim/msg/detail/color__type_support.c
[23.142s] -- Installing: /home/local-planner/ros2_ws/install/turtlesim/include/turtlesim/turtlesim/msg/detail/pose__rosidl_typesupport_introspection_c.h
[23.142s] -- Installing: /home/local-planner/ros2_ws/install/turtlesim/include/turtlesim/turtlesim/msg/detail/color__rosidl_typesupport_introspection_c.h
[23.142s] -- Up-to-date: /home/local-planner/ros2_ws/install/turtlesim/include/turtlesim/turtlesim/srv
[23.142s] -- Up-to-date: /home/local-planner/ros2_ws/install/turtlesim/include/turtlesim/turtlesim/srv/detail
[23.142s] -- Installing: /home/local-planner/ros2_ws/install/turtlesim/include/turtlesim/turtlesim/srv/detail/teleport_relative__type_support.c
[23.143s] -- Installing: /home/local-planner/ros2_ws/install/turtlesim/include/turtlesim/turtlesim/srv/detail/spawn__rosidl_typesupport_introspection_c.h
[23.143s] -- Installing: /home/local-planner/ros2_ws/install/turtlesim/include/turtlesim/turtlesim/srv/detail/set_pen__rosidl_typesupport_introspection_c.h
[23.143s] -- Installing: /home/local-planner/ros2_ws/install/turtlesim/include/turtlesim/turtlesim/srv/detail/kill__type_support.c
[23.143s] -- Installing: /home/local-planner/ros2_ws/install/turtlesim/include/turtlesim/turtlesim/srv/detail/spawn__type_support.c
[23.143s] -- Installing: /home/local-planner/ros2_ws/install/turtlesim/include/turtlesim/turtlesim/srv/detail/teleport_relative__rosidl_typesupport_introspection_c.h
[23.143s] -- Installing: /home/local-planner/ros2_ws/install/turtlesim/include/turtlesim/turtlesim/srv/detail/kill__rosidl_typesupport_introspection_c.h
[23.143s] -- Installing: /home/local-planner/ros2_ws/install/turtlesim/include/turtlesim/turtlesim/srv/detail/set_pen__type_support.c
[23.143s] -- Installing: /home/local-planner/ros2_ws/install/turtlesim/include/turtlesim/turtlesim/srv/detail/teleport_absolute__type_support.c
[23.143s] -- Installing: /home/local-planner/ros2_ws/install/turtlesim/include/turtlesim/turtlesim/srv/detail/teleport_absolute__rosidl_typesupport_introspection_c.h
[23.144s] -- Up-to-date: /home/local-planner/ros2_ws/install/turtlesim/include/turtlesim/turtlesim/action
[23.144s] -- Up-to-date: /home/local-planner/ros2_ws/install/turtlesim/include/turtlesim/turtlesim/action/detail
[23.144s] -- Installing: /home/local-planner/ros2_ws/install/turtlesim/include/turtlesim/turtlesim/action/detail/rotate_absolute__rosidl_typesupport_introspection_c.h
[23.144s] -- Installing: /home/local-planner/ros2_ws/install/turtlesim/include/turtlesim/turtlesim/action/detail/rotate_absolute__type_support.c
[23.144s] -- Installing: /home/local-planner/ros2_ws/install/turtlesim/lib/libturtlesim__rosidl_typesupport_introspection_c.so
[23.144s] -- Set runtime path of "/home/local-planner/ros2_ws/install/turtlesim/lib/libturtlesim__rosidl_typesupport_introspection_c.so" to ""
[23.144s] -- Installing: /home/local-planner/ros2_ws/install/turtlesim/lib/libturtlesim__rosidl_typesupport_c.so
[23.145s] -- Set runtime path of "/home/local-planner/ros2_ws/install/turtlesim/lib/libturtlesim__rosidl_typesupport_c.so" to ""
[23.145s] -- Up-to-date: /home/local-planner/ros2_ws/install/turtlesim/include/turtlesim/turtlesim
[23.145s] -- Up-to-date: /home/local-planner/ros2_ws/install/turtlesim/include/turtlesim/turtlesim/msg
[23.145s] -- Up-to-date: /home/local-planner/ros2_ws/install/turtlesim/include/turtlesim/turtlesim/msg/detail
[23.145s] -- Installing: /home/local-planner/ros2_ws/install/turtlesim/include/turtlesim/turtlesim/msg/detail/pose__type_support.cpp
[23.145s] -- Installing: /home/local-planner/ros2_ws/install/turtlesim/include/turtlesim/turtlesim/msg/detail/pose__rosidl_typesupport_introspection_cpp.hpp
[23.145s] -- Installing: /home/local-planner/ros2_ws/install/turtlesim/include/turtlesim/turtlesim/msg/detail/color__rosidl_typesupport_introspection_cpp.hpp
[23.145s] -- Installing: /home/local-planner/ros2_ws/install/turtlesim/include/turtlesim/turtlesim/msg/detail/color__type_support.cpp
[23.145s] -- Up-to-date: /home/local-planner/ros2_ws/install/turtlesim/include/turtlesim/turtlesim/srv
[23.146s] -- Up-to-date: /home/local-planner/ros2_ws/install/turtlesim/include/turtlesim/turtlesim/srv/detail
[23.146s] -- Installing: /home/local-planner/ros2_ws/install/turtlesim/include/turtlesim/turtlesim/srv/detail/kill__type_support.cpp
[23.146s] -- Installing: /home/local-planner/ros2_ws/install/turtlesim/include/turtlesim/turtlesim/srv/detail/set_pen__type_support.cpp
[23.146s] -- Installing: /home/local-planner/ros2_ws/install/turtlesim/include/turtlesim/turtlesim/srv/detail/kill__rosidl_typesupport_introspection_cpp.hpp
[23.146s] -- Installing: /home/local-planner/ros2_ws/install/turtlesim/include/turtlesim/turtlesim/srv/detail/teleport_relative__rosidl_typesupport_introspection_cpp.hpp
[23.146s] -- Installing: /home/local-planner/ros2_ws/install/turtlesim/include/turtlesim/turtlesim/srv/detail/teleport_relative__type_support.cpp
[23.146s] -- Installing: /home/local-planner/ros2_ws/install/turtlesim/include/turtlesim/turtlesim/srv/detail/spawn__rosidl_typesupport_introspection_cpp.hpp
[23.146s] -- Installing: /home/local-planner/ros2_ws/install/turtlesim/include/turtlesim/turtlesim/srv/detail/teleport_absolute__rosidl_typesupport_introspection_cpp.hpp
[23.146s] -- Installing: /home/local-planner/ros2_ws/install/turtlesim/include/turtlesim/turtlesim/srv/detail/spawn__type_support.cpp
[23.146s] -- Installing: /home/local-planner/ros2_ws/install/turtlesim/include/turtlesim/turtlesim/srv/detail/teleport_absolute__type_support.cpp
[23.146s] -- Installing: /home/local-planner/ros2_ws/install/turtlesim/include/turtlesim/turtlesim/srv/detail/set_pen__rosidl_typesupport_introspection_cpp.hpp
[23.147s] -- Up-to-date: /home/local-planner/ros2_ws/install/turtlesim/include/turtlesim/turtlesim/action
[23.147s] -- Up-to-date: /home/local-planner/ros2_ws/install/turtlesim/include/turtlesim/turtlesim/action/detail
[23.147s] -- Installing: /home/local-planner/ros2_ws/install/turtlesim/include/turtlesim/turtlesim/action/detail/rotate_absolute__type_support.cpp
[23.147s] -- Installing: /home/local-planner/ros2_ws/install/turtlesim/include/turtlesim/turtlesim/action/detail/rotate_absolute__rosidl_typesupport_introspection_cpp.hpp
[23.147s] -- Installing: /home/local-planner/ros2_ws/install/turtlesim/lib/libturtlesim__rosidl_typesupport_introspection_cpp.so
[23.147s] -- Set runtime path of "/home/local-planner/ros2_ws/install/turtlesim/lib/libturtlesim__rosidl_typesupport_introspection_cpp.so" to ""
[23.147s] -- Installing: /home/local-planner/ros2_ws/install/turtlesim/lib/libturtlesim__rosidl_typesupport_cpp.so
[23.147s] -- Set runtime path of "/home/local-planner/ros2_ws/install/turtlesim/lib/libturtlesim__rosidl_typesupport_cpp.so" to ""
[23.148s] -- Installing: /home/local-planner/ros2_ws/install/turtlesim/share/turtlesim/environment/pythonpath.sh
[23.148s] -- Installing: /home/local-planner/ros2_ws/install/turtlesim/share/turtlesim/environment/pythonpath.dsv
[23.148s] -- Installing: /home/local-planner/ros2_ws/install/turtlesim/local/lib/python3.10/dist-packages/turtlesim-1.4.2-py3.10.egg-info
[23.148s] -- Installing: /home/local-planner/ros2_ws/install/turtlesim/local/lib/python3.10/dist-packages/turtlesim-1.4.2-py3.10.egg-info/top_level.txt
[23.148s] -- Installing: /home/local-planner/ros2_ws/install/turtlesim/local/lib/python3.10/dist-packages/turtlesim-1.4.2-py3.10.egg-info/dependency_links.txt
[23.148s] -- Installing: /home/local-planner/ros2_ws/install/turtlesim/local/lib/python3.10/dist-packages/turtlesim-1.4.2-py3.10.egg-info/PKG-INFO
[23.148s] -- Installing: /home/local-planner/ros2_ws/install/turtlesim/local/lib/python3.10/dist-packages/turtlesim-1.4.2-py3.10.egg-info/SOURCES.txt
[23.148s] -- Installing: /home/local-planner/ros2_ws/install/turtlesim/local/lib/python3.10/dist-packages/turtlesim
[23.148s] -- Installing: /home/local-planner/ros2_ws/install/turtlesim/local/lib/python3.10/dist-packages/turtlesim/turtlesim_s__rosidl_typesupport_introspection_c.cpython-310-x86_64-linux-gnu.so
[23.149s] -- Installing: /home/local-planner/ros2_ws/install/turtlesim/local/lib/python3.10/dist-packages/turtlesim/_turtlesim_s.ep.rosidl_typesupport_c.c
[23.149s] -- Installing: /home/local-planner/ros2_ws/install/turtlesim/local/lib/python3.10/dist-packages/turtlesim/turtlesim_s__rosidl_typesupport_fastrtps_c.cpython-310-x86_64-linux-gnu.so
[23.149s] -- Installing: /home/local-planner/ros2_ws/install/turtlesim/local/lib/python3.10/dist-packages/turtlesim/_turtlesim_s.ep.rosidl_typesupport_introspection_c.c
[23.149s] -- Installing: /home/local-planner/ros2_ws/install/turtlesim/local/lib/python3.10/dist-packages/turtlesim/turtlesim_s__rosidl_typesupport_c.cpython-310-x86_64-linux-gnu.so
[23.149s] -- Installing: /home/local-planner/ros2_ws/install/turtlesim/local/lib/python3.10/dist-packages/turtlesim/libturtlesim__rosidl_generator_py.so
[23.150s] -- Installing: /home/local-planner/ros2_ws/install/turtlesim/local/lib/python3.10/dist-packages/turtlesim/msg
[23.150s] -- Installing: /home/local-planner/ros2_ws/install/turtlesim/local/lib/python3.10/dist-packages/turtlesim/msg/_pose_s.c
[23.150s] -- Installing: /home/local-planner/ros2_ws/install/turtlesim/local/lib/python3.10/dist-packages/turtlesim/msg/__init__.py
[23.150s] -- Installing: /home/local-planner/ros2_ws/install/turtlesim/local/lib/python3.10/dist-packages/turtlesim/msg/_color.py
[23.150s] -- Installing: /home/local-planner/ros2_ws/install/turtlesim/local/lib/python3.10/dist-packages/turtlesim/msg/_pose.py
[23.150s] -- Installing: /home/local-planner/ros2_ws/install/turtlesim/local/lib/python3.10/dist-packages/turtlesim/msg/_color_s.c
[23.150s] -- Installing: /home/local-planner/ros2_ws/install/turtlesim/local/lib/python3.10/dist-packages/turtlesim/_turtlesim_s.ep.rosidl_typesupport_fastrtps_c.c
[23.150s] -- Installing: /home/local-planner/ros2_ws/install/turtlesim/local/lib/python3.10/dist-packages/turtlesim/__init__.py
[23.150s] -- Installing: /home/local-planner/ros2_ws/install/turtlesim/local/lib/python3.10/dist-packages/turtlesim/srv
[23.150s] -- Installing: /home/local-planner/ros2_ws/install/turtlesim/local/lib/python3.10/dist-packages/turtlesim/srv/_set_pen_s.c
[23.151s] -- Installing: /home/local-planner/ros2_ws/install/turtlesim/local/lib/python3.10/dist-packages/turtlesim/srv/_teleport_absolute.py
[23.151s] -- Installing: /home/local-planner/ros2_ws/install/turtlesim/local/lib/python3.10/dist-packages/turtlesim/srv/_set_pen.py
[23.151s] -- Installing: /home/local-planner/ros2_ws/install/turtlesim/local/lib/python3.10/dist-packages/turtlesim/srv/_teleport_absolute_s.c
[23.151s] -- Installing: /home/local-planner/ros2_ws/install/turtlesim/local/lib/python3.10/dist-packages/turtlesim/srv/_kill_s.c
[23.151s] -- Installing: /home/local-planner/ros2_ws/install/turtlesim/local/lib/python3.10/dist-packages/turtlesim/srv/_spawn_s.c
[23.151s] -- Installing: /home/local-planner/ros2_ws/install/turtlesim/local/lib/python3.10/dist-packages/turtlesim/srv/_teleport_relative_s.c
[23.151s] -- Installing: /home/local-planner/ros2_ws/install/turtlesim/local/lib/python3.10/dist-packages/turtlesim/srv/__init__.py
[23.151s] -- Installing: /home/local-planner/ros2_ws/install/turtlesim/local/lib/python3.10/dist-packages/turtlesim/srv/_spawn.py
[23.151s] -- Installing: /home/local-planner/ros2_ws/install/turtlesim/local/lib/python3.10/dist-packages/turtlesim/srv/_teleport_relative.py
[23.151s] -- Installing: /home/local-planner/ros2_ws/install/turtlesim/local/lib/python3.10/dist-packages/turtlesim/srv/_kill.py
[23.152s] -- Installing: /home/local-planner/ros2_ws/install/turtlesim/local/lib/python3.10/dist-packages/turtlesim/action
[23.152s] -- Installing: /home/local-planner/ros2_ws/install/turtlesim/local/lib/python3.10/dist-packages/turtlesim/action/_rotate_absolute_s.c
[23.152s] -- Installing: /home/local-planner/ros2_ws/install/turtlesim/local/lib/python3.10/dist-packages/turtlesim/action/__init__.py
[23.152s] -- Installing: /home/local-planner/ros2_ws/install/turtlesim/local/lib/python3.10/dist-packages/turtlesim/action/_rotate_absolute.py
[23.209s] Listing '/home/local-planner/ros2_ws/install/turtlesim/local/lib/python3.10/dist-packages/turtlesim'...
[23.209s] Compiling '/home/local-planner/ros2_ws/install/turtlesim/local/lib/python3.10/dist-packages/turtlesim/__init__.py'...
[23.209s] Listing '/home/local-planner/ros2_ws/install/turtlesim/local/lib/python3.10/dist-packages/turtlesim/action'...
[23.209s] Compiling '/home/local-planner/ros2_ws/install/turtlesim/local/lib/python3.10/dist-packages/turtlesim/action/__init__.py'...
[23.209s] Compiling '/home/local-planner/ros2_ws/install/turtlesim/local/lib/python3.10/dist-packages/turtlesim/action/_rotate_absolute.py'...
[23.209s] Listing '/home/local-planner/ros2_ws/install/turtlesim/local/lib/python3.10/dist-packages/turtlesim/msg'...
[23.209s] Compiling '/home/local-planner/ros2_ws/install/turtlesim/local/lib/python3.10/dist-packages/turtlesim/msg/__init__.py'...
[23.209s] Compiling '/home/local-planner/ros2_ws/install/turtlesim/local/lib/python3.10/dist-packages/turtlesim/msg/_color.py'...
[23.209s] Compiling '/home/local-planner/ros2_ws/install/turtlesim/local/lib/python3.10/dist-packages/turtlesim/msg/_pose.py'...
[23.209s] Listing '/home/local-planner/ros2_ws/install/turtlesim/local/lib/python3.10/dist-packages/turtlesim/srv'...
[23.209s] Compiling '/home/local-planner/ros2_ws/install/turtlesim/local/lib/python3.10/dist-packages/turtlesim/srv/__init__.py'...
[23.209s] Compiling '/home/local-planner/ros2_ws/install/turtlesim/local/lib/python3.10/dist-packages/turtlesim/srv/_kill.py'...
[23.209s] Compiling '/home/local-planner/ros2_ws/install/turtlesim/local/lib/python3.10/dist-packages/turtlesim/srv/_set_pen.py'...
[23.209s] Compiling '/home/local-planner/ros2_ws/install/turtlesim/local/lib/python3.10/dist-packages/turtlesim/srv/_spawn.py'...
[23.209s] Compiling '/home/local-planner/ros2_ws/install/turtlesim/local/lib/python3.10/dist-packages/turtlesim/srv/_teleport_absolute.py'...
[23.209s] Compiling '/home/local-planner/ros2_ws/install/turtlesim/local/lib/python3.10/dist-packages/turtlesim/srv/_teleport_relative.py'...
[23.214s] -- Installing: /home/local-planner/ros2_ws/install/turtlesim/local/lib/python3.10/dist-packages/turtlesim/turtlesim_s__rosidl_typesupport_fastrtps_c.cpython-310-x86_64-linux-gnu.so
[23.214s] -- Set runtime path of "/home/local-planner/ros2_ws/install/turtlesim/local/lib/python3.10/dist-packages/turtlesim/turtlesim_s__rosidl_typesupport_fastrtps_c.cpython-310-x86_64-linux-gnu.so" to ""
[23.214s] -- Installing: /home/local-planner/ros2_ws/install/turtlesim/local/lib/python3.10/dist-packages/turtlesim/turtlesim_s__rosidl_typesupport_introspection_c.cpython-310-x86_64-linux-gnu.so
[23.214s] -- Set runtime path of "/home/local-planner/ros2_ws/install/turtlesim/local/lib/python3.10/dist-packages/turtlesim/turtlesim_s__rosidl_typesupport_introspection_c.cpython-310-x86_64-linux-gnu.so" to ""
[23.215s] -- Installing: /home/local-planner/ros2_ws/install/turtlesim/local/lib/python3.10/dist-packages/turtlesim/turtlesim_s__rosidl_typesupport_c.cpython-310-x86_64-linux-gnu.so
[23.215s] -- Set runtime path of "/home/local-planner/ros2_ws/install/turtlesim/local/lib/python3.10/dist-packages/turtlesim/turtlesim_s__rosidl_typesupport_c.cpython-310-x86_64-linux-gnu.so" to ""
[23.215s] -- Installing: /home/local-planner/ros2_ws/install/turtlesim/lib/libturtlesim__rosidl_generator_py.so
[23.216s] -- Set runtime path of "/home/local-planner/ros2_ws/install/turtlesim/lib/libturtlesim__rosidl_generator_py.so" to ""
[23.216s] -- Installing: /home/local-planner/ros2_ws/install/turtlesim/share/turtlesim/action/RotateAbsolute.idl
[23.216s] -- Installing: /home/local-planner/ros2_ws/install/turtlesim/share/turtlesim/msg/Color.idl
[23.216s] -- Installing: /home/local-planner/ros2_ws/install/turtlesim/share/turtlesim/msg/Pose.idl
[23.217s] -- Installing: /home/local-planner/ros2_ws/install/turtlesim/share/turtlesim/srv/Kill.idl
[23.217s] -- Installing: /home/local-planner/ros2_ws/install/turtlesim/share/turtlesim/srv/SetPen.idl
[23.217s] -- Installing: /home/local-planner/ros2_ws/install/turtlesim/share/turtlesim/srv/Spawn.idl
[23.217s] -- Installing: /home/local-planner/ros2_ws/install/turtlesim/share/turtlesim/srv/TeleportAbsolute.idl
[23.217s] -- Installing: /home/local-planner/ros2_ws/install/turtlesim/share/turtlesim/srv/TeleportRelative.idl
[23.217s] -- Installing: /home/local-planner/ros2_ws/install/turtlesim/share/turtlesim/action/RotateAbsolute.action
[23.217s] -- Installing: /home/local-planner/ros2_ws/install/turtlesim/share/turtlesim/msg/Color.msg
[23.217s] -- Installing: /home/local-planner/ros2_ws/install/turtlesim/share/turtlesim/msg/Pose.msg
[23.217s] -- Installing: /home/local-planner/ros2_ws/install/turtlesim/share/turtlesim/srv/Kill.srv
[23.217s] -- Installing: /home/local-planner/ros2_ws/install/turtlesim/share/turtlesim/srv/Kill_Request.msg
[23.217s] -- Installing: /home/local-planner/ros2_ws/install/turtlesim/share/turtlesim/srv/Kill_Response.msg
[23.217s] -- Installing: /home/local-planner/ros2_ws/install/turtlesim/share/turtlesim/srv/SetPen.srv
[23.217s] -- Installing: /home/local-planner/ros2_ws/install/turtlesim/share/turtlesim/srv/SetPen_Request.msg
[23.218s] -- Installing: /home/local-planner/ros2_ws/install/turtlesim/share/turtlesim/srv/SetPen_Response.msg
[23.218s] -- Installing: /home/local-planner/ros2_ws/install/turtlesim/share/turtlesim/srv/Spawn.srv
[23.218s] -- Installing: /home/local-planner/ros2_ws/install/turtlesim/share/turtlesim/srv/Spawn_Request.msg
[23.218s] -- Installing: /home/local-planner/ros2_ws/install/turtlesim/share/turtlesim/srv/Spawn_Response.msg
[23.218s] -- Installing: /home/local-planner/ros2_ws/install/turtlesim/share/turtlesim/srv/TeleportAbsolute.srv
[23.218s] -- Installing: /home/local-planner/ros2_ws/install/turtlesim/share/turtlesim/srv/TeleportAbsolute_Request.msg
[23.218s] -- Installing: /home/local-planner/ros2_ws/install/turtlesim/share/turtlesim/srv/TeleportAbsolute_Response.msg
[23.218s] -- Installing: /home/local-planner/ros2_ws/install/turtlesim/share/turtlesim/srv/TeleportRelative.srv
[23.218s] -- Installing: /home/local-planner/ros2_ws/install/turtlesim/share/turtlesim/srv/TeleportRelative_Request.msg
[23.218s] -- Installing: /home/local-planner/ros2_ws/install/turtlesim/share/turtlesim/srv/TeleportRelative_Response.msg
[23.218s] -- Installing: /home/local-planner/ros2_ws/install/turtlesim/lib/turtlesim/turtlesim_node
[23.229s] -- Set runtime path of "/home/local-planner/ros2_ws/install/turtlesim/lib/turtlesim/turtlesim_node" to ""
[23.229s] -- Installing: /home/local-planner/ros2_ws/install/turtlesim/lib/turtlesim/turtle_teleop_key
[23.231s] -- Set runtime path of "/home/local-planner/ros2_ws/install/turtlesim/lib/turtlesim/turtle_teleop_key" to ""
[23.231s] -- Installing: /home/local-planner/ros2_ws/install/turtlesim/lib/turtlesim/draw_square
[23.236s] -- Set runtime path of "/home/local-planner/ros2_ws/install/turtlesim/lib/turtlesim/draw_square" to ""
[23.236s] -- Installing: /home/local-planner/ros2_ws/install/turtlesim/lib/turtlesim/mimic
[23.240s] -- Set runtime path of "/home/local-planner/ros2_ws/install/turtlesim/lib/turtlesim/mimic" to ""
[23.241s] -- Installing: /home/local-planner/ros2_ws/install/turtlesim/share/turtlesim/images
[23.241s] -- Installing: /home/local-planner/ros2_ws/install/turtlesim/share/turtlesim/images/foxy.png
[23.241s] -- Installing: /home/local-planner/ros2_ws/install/turtlesim/share/turtlesim/images/crystal.png
[23.241s] -- Installing: /home/local-planner/ros2_ws/install/turtlesim/share/turtlesim/images/bouncy.png
[23.241s] -- Installing: /home/local-planner/ros2_ws/install/turtlesim/share/turtlesim/images/galactic.png
[23.241s] -- Installing: /home/local-planner/ros2_ws/install/turtlesim/share/turtlesim/images/eloquent.png
[23.241s] -- Installing: /home/local-planner/ros2_ws/install/turtlesim/share/turtlesim/images/rolling.png
[23.241s] -- Installing: /home/local-planner/ros2_ws/install/turtlesim/share/turtlesim/images/ardent.png
[23.241s] -- Installing: /home/local-planner/ros2_ws/install/turtlesim/share/turtlesim/images/dashing.png
[23.241s] -- Installing: /home/local-planner/ros2_ws/install/turtlesim/share/turtlesim/images/humble.png
[23.242s] -- Installing: /home/local-planner/ros2_ws/install/turtlesim/share/turtlesim/launch
[23.242s] -- Installing: /home/local-planner/ros2_ws/install/turtlesim/share/turtlesim/launch/multisim.launch.py
[23.242s] -- Installing: /home/local-planner/ros2_ws/install/turtlesim/share/ament_index/resource_index/package_run_dependencies/turtlesim
[23.242s] -- Installing: /home/local-planner/ros2_ws/install/turtlesim/share/ament_index/resource_index/parent_prefix_path/turtlesim
[23.242s] -- Installing: /home/local-planner/ros2_ws/install/turtlesim/share/turtlesim/environment/ament_prefix_path.sh
[23.242s] -- Installing: /home/local-planner/ros2_ws/install/turtlesim/share/turtlesim/environment/ament_prefix_path.dsv
[23.242s] -- Installing: /home/local-planner/ros2_ws/install/turtlesim/share/turtlesim/environment/path.sh
[23.242s] -- Installing: /home/local-planner/ros2_ws/install/turtlesim/share/turtlesim/environment/path.dsv
[23.242s] -- Installing: /home/local-planner/ros2_ws/install/turtlesim/share/turtlesim/local_setup.bash
[23.242s] -- Installing: /home/local-planner/ros2_ws/install/turtlesim/share/turtlesim/local_setup.sh
[23.243s] -- Installing: /home/local-planner/ros2_ws/install/turtlesim/share/turtlesim/local_setup.zsh
[23.243s] -- Installing: /home/local-planner/ros2_ws/install/turtlesim/share/turtlesim/local_setup.dsv
[23.243s] -- Installing: /home/local-planner/ros2_ws/install/turtlesim/share/turtlesim/package.dsv
[23.243s] -- Installing: /home/local-planner/ros2_ws/install/turtlesim/share/ament_index/resource_index/packages/turtlesim
[23.243s] -- Installing: /home/local-planner/ros2_ws/install/turtlesim/share/turtlesim/cmake/export_turtlesim__rosidl_generator_cExport.cmake
[23.243s] -- Installing: /home/local-planner/ros2_ws/install/turtlesim/share/turtlesim/cmake/export_turtlesim__rosidl_generator_cExport-noconfig.cmake
[23.243s] -- Installing: /home/local-planner/ros2_ws/install/turtlesim/share/turtlesim/cmake/export_turtlesim__rosidl_typesupport_fastrtps_cExport.cmake
[23.243s] -- Installing: /home/local-planner/ros2_ws/install/turtlesim/share/turtlesim/cmake/export_turtlesim__rosidl_typesupport_fastrtps_cExport-noconfig.cmake
[23.243s] -- Installing: /home/local-planner/ros2_ws/install/turtlesim/share/turtlesim/cmake/export_turtlesim__rosidl_generator_cppExport.cmake
[23.244s] -- Installing: /home/local-planner/ros2_ws/install/turtlesim/share/turtlesim/cmake/export_turtlesim__rosidl_typesupport_fastrtps_cppExport.cmake
[23.244s] -- Installing: /home/local-planner/ros2_ws/install/turtlesim/share/turtlesim/cmake/export_turtlesim__rosidl_typesupport_fastrtps_cppExport-noconfig.cmake
[23.244s] -- Installing: /home/local-planner/ros2_ws/install/turtlesim/share/turtlesim/cmake/turtlesim__rosidl_typesupport_introspection_cExport.cmake
[23.244s] -- Installing: /home/local-planner/ros2_ws/install/turtlesim/share/turtlesim/cmake/turtlesim__rosidl_typesupport_introspection_cExport-noconfig.cmake
[23.244s] -- Installing: /home/local-planner/ros2_ws/install/turtlesim/share/turtlesim/cmake/turtlesim__rosidl_typesupport_cExport.cmake
[23.244s] -- Installing: /home/local-planner/ros2_ws/install/turtlesim/share/turtlesim/cmake/turtlesim__rosidl_typesupport_cExport-noconfig.cmake
[23.244s] -- Installing: /home/local-planner/ros2_ws/install/turtlesim/share/turtlesim/cmake/turtlesim__rosidl_typesupport_introspection_cppExport.cmake
[23.244s] -- Installing: /home/local-planner/ros2_ws/install/turtlesim/share/turtlesim/cmake/turtlesim__rosidl_typesupport_introspection_cppExport-noconfig.cmake
[23.244s] -- Installing: /home/local-planner/ros2_ws/install/turtlesim/share/turtlesim/cmake/turtlesim__rosidl_typesupport_cppExport.cmake
[23.244s] -- Installing: /home/local-planner/ros2_ws/install/turtlesim/share/turtlesim/cmake/turtlesim__rosidl_typesupport_cppExport-noconfig.cmake
[23.244s] -- Installing: /home/local-planner/ros2_ws/install/turtlesim/share/turtlesim/cmake/export_turtlesim__rosidl_generator_pyExport.cmake
[23.244s] -- Installing: /home/local-planner/ros2_ws/install/turtlesim/share/turtlesim/cmake/export_turtlesim__rosidl_generator_pyExport-noconfig.cmake
[23.245s] -- Installing: /home/local-planner/ros2_ws/install/turtlesim/share/turtlesim/cmake/rosidl_cmake-extras.cmake
[23.245s] -- Installing: /home/local-planner/ros2_ws/install/turtlesim/share/turtlesim/cmake/ament_cmake_export_dependencies-extras.cmake
[23.245s] -- Installing: /home/local-planner/ros2_ws/install/turtlesim/share/turtlesim/cmake/ament_cmake_export_include_directories-extras.cmake
[23.245s] -- Installing: /home/local-planner/ros2_ws/install/turtlesim/share/turtlesim/cmake/ament_cmake_export_libraries-extras.cmake
[23.245s] -- Installing: /home/local-planner/ros2_ws/install/turtlesim/share/turtlesim/cmake/ament_cmake_export_targets-extras.cmake
[23.245s] -- Installing: /home/local-planner/ros2_ws/install/turtlesim/share/turtlesim/cmake/rosidl_cmake_export_typesupport_targets-extras.cmake
[23.245s] -- Installing: /home/local-planner/ros2_ws/install/turtlesim/share/turtlesim/cmake/rosidl_cmake_export_typesupport_libraries-extras.cmake
[23.245s] -- Installing: /home/local-planner/ros2_ws/install/turtlesim/share/turtlesim/cmake/turtlesimConfig.cmake
[23.245s] -- Installing: /home/local-planner/ros2_ws/install/turtlesim/share/turtlesim/cmake/turtlesimConfig-version.cmake
[23.245s] -- Installing: /home/local-planner/ros2_ws/install/turtlesim/share/turtlesim/package.xml
[23.248s] Invoked command in '/home/local-planner/ros2_ws/build/turtlesim' returned '0': CMAKE_PREFIX_PATH=/opt/ros/humble /usr/bin/cmake --install /home/local-planner/ros2_ws/build/turtlesim
